#
# There is insufficient memory for the Java Runtime Environment to continue.
# Native memory allocation (malloc) failed to allocate 57616 bytes for Chunk::new
# Possible reasons:
#   The system is out of physical RAM or swap space
#   In 32 bit mode, the process size limit was hit
# Possible solutions:
#   Reduce memory load on the system
#   Increase physical memory or swap space
#   Check if swap backing store is full
#   Use 64 bit Java on a 64 bit OS
#   Decrease Java heap size (-Xmx/-Xms)
#   Decrease number of Java threads
#   Decrease Java thread stack sizes (-Xss)
#   Set larger code cache with -XX:ReservedCodeCacheSize=
# This output file may be truncated or incomplete.
#
#  Out of Memory Error (allocation.cpp:390), pid=1296, tid=7976
#
# JRE version: Java(TM) SE Runtime Environment (8.0_66-b18) (build 1.8.0_66-b18)
# Java VM: Java HotSpot(TM) 64-Bit Server VM (25.66-b18 mixed mode windows-amd64 compressed oops)
# Failed to write core dump. Minidumps are not enabled by default on client versions of Windows
#

---------------  T H R E A D  ---------------

Current thread (0x00000000149c9800):  JavaThread "C2 CompilerThread0" daemon [_thread_in_native, id=7976, stack(0x0000000016000000,0x0000000016100000)]

Stack: [0x0000000016000000,0x0000000016100000]
[error occurred during error reporting (printing stack bounds), id 0xc0000005]

Native frames: (J=compiled Java code, j=interpreted, Vv=VM code, C=native code)


Current CompileTask:
C2:   1195 1214       4       com.android.dx.ssa.SCCP::simulateStmt (481 bytes)


---------------  P R O C E S S  ---------------

Java Threads: ( => current thread )
  0x000000001642a800 JavaThread "pool-1-thread-4" [_thread_in_vm, id=2268, stack(0x0000000016d00000,0x0000000016e00000)]
  0x0000000016429800 JavaThread "pool-1-thread-3" [_thread_blocked, id=7812, stack(0x0000000016c00000,0x0000000016d00000)]
  0x000000001638c000 JavaThread "pool-1-thread-2" [_thread_in_Java, id=120, stack(0x0000000016b00000,0x0000000016c00000)]
  0x0000000016389000 JavaThread "pool-2-thread-1" [_thread_blocked, id=204, stack(0x0000000016a00000,0x0000000016b00000)]
  0x0000000016382800 JavaThread "pool-1-thread-1" [_thread_blocked, id=5688, stack(0x0000000016900000,0x0000000016a00000)]
  0x000000001620e000 JavaThread "Service Thread" daemon [_thread_blocked, id=6904, stack(0x0000000016700000,0x0000000016800000)]
  0x0000000016208800 JavaThread "C1 CompilerThread2" daemon [_thread_in_native, id=6544, stack(0x0000000016600000,0x0000000016700000)]
  0x00000000149d1000 JavaThread "C2 CompilerThread1" daemon [_thread_in_native, id=3456, stack(0x0000000016100000,0x0000000016200000)]
=>0x00000000149c9800 JavaThread "C2 CompilerThread0" daemon [_thread_in_native, id=7976, stack(0x0000000016000000,0x0000000016100000)]
  0x00000000149c8000 JavaThread "Attach Listener" daemon [_thread_blocked, id=7600, stack(0x0000000015f00000,0x0000000016000000)]
  0x00000000149c6800 JavaThread "Signal Dispatcher" daemon [_thread_blocked, id=6320, stack(0x0000000015e00000,0x0000000015f00000)]
  0x00000000022f0800 JavaThread "Finalizer" daemon [_thread_blocked, id=7228, stack(0x0000000015c20000,0x0000000015d20000)]
  0x00000000022ed000 JavaThread "Reference Handler" daemon [_thread_blocked, id=7396, stack(0x0000000015b20000,0x0000000015c20000)]
  0x0000000002200800 JavaThread "main" [_thread_blocked, id=1696, stack(0x0000000002100000,0x0000000002200000)]

Other Threads:
  0x0000000014997800 VMThread [stack: 0x0000000015a20000,0x0000000015b20000] [id=3200]
  0x0000000016225800 WatcherThread [stack: 0x0000000016800000,0x0000000016900000] [id=7644]

VM state:not at safepoint (normal execution)

VM Mutex/Monitor currently owned by a thread: None

Heap:
 PSYoungGen      total 18944K, used 13825K [0x00000000eab00000, 0x00000000ec000000, 0x0000000100000000)
  eden space 16384K, 68% used [0x00000000eab00000,0x00000000eb607248,0x00000000ebb00000)
  from space 2560K, 98% used [0x00000000ebb00000,0x00000000ebd79500,0x00000000ebd80000)
  to   space 2560K, 0% used [0x00000000ebd80000,0x00000000ebd80000,0x00000000ec000000)
 ParOldGen       total 44032K, used 2225K [0x00000000c0000000, 0x00000000c2b00000, 0x00000000eab00000)
  object space 44032K, 5% used [0x00000000c0000000,0x00000000c022c500,0x00000000c2b00000)
 Metaspace       used 5818K, capacity 6896K, committed 7040K, reserved 1056768K
  class space    used 585K, capacity 616K, committed 640K, reserved 1048576K

Card table byte_map: [0x00000000116c0000,0x00000000118d0000] byte_map_base: 0x00000000110c0000

Marking Bits: (ParMarkBitMap*) 0x000000005431a5b0
 Begin Bits: [0x0000000011e30000, 0x0000000012e30000)
 End Bits:   [0x0000000012e30000, 0x0000000013e30000)

Polling page: 0x0000000002040000

CodeCache: size=245760Kb used=4838Kb max_used=4840Kb free=240921Kb
 bounds [0x0000000002300000, 0x00000000027c0000, 0x0000000011300000]
 total_blobs=1484 nmethods=1222 adapters=175
 compilation: enabled

Compilation events (10 events):
Event: 1.188 Thread 0x0000000016208800 nmethod 1222 0x00000000027a39d0 code [0x00000000027a3b80, 0x00000000027a40c8]
Event: 1.188 Thread 0x0000000016208800 1223       3       com.android.dx.ssa.SsaMethod::makeExitBlock (134 bytes)
Event: 1.190 Thread 0x0000000016208800 nmethod 1223 0x00000000027b7450 code [0x00000000027b76e0, 0x00000000027b86e8]
Event: 1.191 Thread 0x0000000016208800 1224       3       java.util.TreeMap$EntryIterator::next (5 bytes)
Event: 1.191 Thread 0x0000000016208800 nmethod 1224 0x00000000027aafd0 code [0x00000000027ab140, 0x00000000027ab428]
Event: 1.191 Thread 0x0000000016208800 1225       1       com.android.dx.ssa.back.FirstFitLocalCombiningAllocator$Multiset::getSize (5 bytes)
Event: 1.191 Thread 0x0000000016208800 nmethod 1225 0x00000000027aad10 code [0x00000000027aae60, 0x00000000027aaf70]
Event: 1.192 Thread 0x0000000016208800 1226       3       com.android.dx.ssa.back.FirstFitLocalCombiningAllocator::handleNormalUnassociated (99 bytes)
Event: 1.193 Thread 0x0000000016208800 nmethod 1226 0x00000000027b9010 code [0x00000000027b92c0, 0x00000000027ba678]
Event: 1.193 Thread 0x0000000016208800 1227       3       com.android.dx.ssa.back.SsaToRop::removePhiFunctions (83 bytes)

GC Heap History (2 events):
Event: 0.794 GC heap before
{Heap before GC invocations=1 (full 0):
 PSYoungGen      total 18944K, used 16384K [0x00000000eab00000, 0x00000000ec000000, 0x0000000100000000)
  eden space 16384K, 100% used [0x00000000eab00000,0x00000000ebb00000,0x00000000ebb00000)
  from space 2560K, 0% used [0x00000000ebd80000,0x00000000ebd80000,0x00000000ec000000)
  to   space 2560K, 0% used [0x00000000ebb00000,0x00000000ebb00000,0x00000000ebd80000)
 ParOldGen       total 44032K, used 0K [0x00000000c0000000, 0x00000000c2b00000, 0x00000000eab00000)
  object space 44032K, 0% used [0x00000000c0000000,0x00000000c0000000,0x00000000c2b00000)
 Metaspace       used 5639K, capacity 6768K, committed 7040K, reserved 1056768K
  class space    used 584K, capacity 616K, committed 640K, reserved 1048576K
Event: 0.800 GC heap after
Heap after GC invocations=1 (full 0):
 PSYoungGen      total 18944K, used 2533K [0x00000000eab00000, 0x00000000ec000000, 0x0000000100000000)
  eden space 16384K, 0% used [0x00000000eab00000,0x00000000eab00000,0x00000000ebb00000)
  from space 2560K, 98% used [0x00000000ebb00000,0x00000000ebd79500,0x00000000ebd80000)
  to   space 2560K, 0% used [0x00000000ebd80000,0x00000000ebd80000,0x00000000ec000000)
 ParOldGen       total 44032K, used 2225K [0x00000000c0000000, 0x00000000c2b00000, 0x00000000eab00000)
  object space 44032K, 5% used [0x00000000c0000000,0x00000000c022c500,0x00000000c2b00000)
 Metaspace       used 5639K, capacity 6768K, committed 7040K, reserved 1056768K
  class space    used 584K, capacity 616K, committed 640K, reserved 1048576K
}

Deoptimization events (10 events):
Event: 0.668 Thread 0x0000000016429800 Uncommon trap: reason=class_check action=maybe_recompile pc=0x000000000257fa30 method=com.android.dx.ssa.NormalSsaInsn.accept(Lcom/android/dx/ssa/SsaInsn$Visitor;)V @ 9
Event: 0.815 Thread 0x000000001642a800 Uncommon trap: reason=class_check action=maybe_recompile pc=0x000000000257fa30 method=com.android.dx.ssa.NormalSsaInsn.accept(Lcom/android/dx/ssa/SsaInsn$Visitor;)V @ 9
Event: 0.816 Thread 0x000000001642a800 Uncommon trap: reason=class_check action=maybe_recompile pc=0x000000000257fa30 method=com.android.dx.ssa.NormalSsaInsn.accept(Lcom/android/dx/ssa/SsaInsn$Visitor;)V @ 9
Event: 0.816 Thread 0x000000001642a800 Uncommon trap: reason=class_check action=maybe_recompile pc=0x000000000257fa30 method=com.android.dx.ssa.NormalSsaInsn.accept(Lcom/android/dx/ssa/SsaInsn$Visitor;)V @ 9
Event: 0.868 Thread 0x0000000016429800 Uncommon trap: reason=unstable_if action=reinterpret pc=0x00000000025e79ec method=com.android.dx.rop.code.RegisterSpecSet.put(Lcom/android/dx/rop/code/RegisterSpec;)V @ 77
Event: 0.868 Thread 0x0000000016429800 Uncommon trap: reason=unstable_if action=reinterpret pc=0x00000000026632a8 method=com.android.dx.rop.code.RegisterSpecSet.put(Lcom/android/dx/rop/code/RegisterSpec;)V @ 77
Event: 0.872 Thread 0x0000000016429800 Uncommon trap: reason=null_check action=make_not_entrant pc=0x00000000026a3b38 method=com.android.dx.ssa.SsaRenamer.getLocalForNewReg(I)Lcom/android/dx/rop/code/LocalItem; @ 19
Event: 0.960 Thread 0x000000001638c000 Uncommon trap: reason=null_check action=make_not_entrant pc=0x00000000026ddb94 method=com.android.dx.ssa.SsaRenamer.getLocalForNewReg(I)Lcom/android/dx/rop/code/LocalItem; @ 19
Event: 1.013 Thread 0x000000001642a800 Uncommon trap: reason=unstable_if action=reinterpret pc=0x00000000024de2dc method=com.android.dx.rop.cst.Constant.compareTo(Lcom/android/dx/rop/cst/Constant;)I @ 12
Event: 1.047 Thread 0x0000000016429800 Uncommon trap: reason=unstable_if action=reinterpret pc=0x0000000002766bb4 method=com.android.dx.rop.cst.CstLiteral32.equals(Ljava/lang/Object;)Z @ 12

Internal exceptions (4 events):
Event: 0.081 Thread 0x0000000002200800 Exception <a 'java/lang/NoSuchMethodError': Method sun.misc.Unsafe.defineClass(Ljava/lang/String;[BII)Ljava/lang/Class; name or signature does not match> (0x00000000eab0d4b8) thrown at [C:\re\workspace\8-2-build-windows-amd64-cygwin\jdk8u66\5298\hotspot\srùÜL_9—¥?
Event: 0.081 Thread 0x0000000002200800 Exception <a 'java/lang/NoSuchMethodError': Method sun.misc.Unsafe.prefetchRead(Ljava/lang/Object;J)V name or signature does not match> (0x00000000eab0d7a0) thrown at [C:\re\workspace\8-2-build-windows-amd64-cygwin\jdk8u66\5298\hotspot\src\share\vm\prims\jXz¡ÈÎ?
Event: 0.872 Thread 0x0000000016429800 Implicit null exception at 0x00000000026a1eec to 0x00000000026a3aed
Event: 0.960 Thread 0x000000001638c000 Implicit null exception at 0x00000000026dbb89 to 0x00000000026ddb71

Events (10 events):
Event: 1.013 Thread 0x000000001642a800 DEOPT UNPACKING pc=0x000000000234582a sp=0x0000000016dfe770 mode 2
Event: 1.047 Thread 0x0000000016429800 Uncommon trap: trap_request=0xffffff65 fr.pc=0x0000000002766bb4
Event: 1.047 Thread 0x0000000016429800 DEOPT PACKING pc=0x0000000002766bb4 sp=0x0000000016cfe9b0
Event: 1.047 Thread 0x0000000016429800 DEOPT UNPACKING pc=0x000000000234582a sp=0x0000000016cfe950 mode 2
Event: 1.049 loading class java/util/HashMap$KeySet
Event: 1.049 loading class java/util/HashMap$KeySet done
Event: 1.049 loading class java/util/HashMap$KeyIterator
Event: 1.049 loading class java/util/HashMap$KeyIterator done
Event: 1.173 Executing VM operation: ForceSafepoint
Event: 1.174 Executing VM operation: ForceSafepoint done


Dynamic libraries:
0x00007ff7b8f80000 - 0x00007ff7b8fb7000 	C:\Program Files\Java\jdk1.8.0_66\bin\java.exe
0x00007ff878ac0000 - 0x00007ff878c81000 	C:\WINDOWS\SYSTEM32\ntdll.dll
0x00007ff8779f0000 - 0x00007ff877a9d000 	C:\WINDOWS\system32\KERNEL32.DLL
0x00007ff875bf0000 - 0x00007ff875dd8000 	C:\WINDOWS\system32\KERNELBASE.dll
0x00007ff8776c0000 - 0x00007ff877767000 	C:\WINDOWS\system32\ADVAPI32.dll
0x00007ff875ec0000 - 0x00007ff875f5d000 	C:\WINDOWS\system32\msvcrt.dll
0x00007ff8782c0000 - 0x00007ff87831b000 	C:\WINDOWS\system32\sechost.dll
0x00007ff8781a0000 - 0x00007ff8782bc000 	C:\WINDOWS\system32\RPCRT4.dll
0x00007ff878960000 - 0x00007ff878ab6000 	C:\WINDOWS\system32\USER32.dll
0x00007ff875f60000 - 0x00007ff8760e6000 	C:\WINDOWS\system32\GDI32.dll
0x00007ff86c1b0000 - 0x00007ff86c424000 	C:\WINDOWS\WinSxS\amd64_microsoft.windows.common-controls_6595b64144ccf1df_6.0.10586.0_none_8c15ae12515e1c22\COMCTL32.dll
0x00007ff877da0000 - 0x00007ff87801d000 	C:\WINDOWS\system32\combase.dll
0x00007ff875220000 - 0x00007ff87528a000 	C:\WINDOWS\system32\bcryptPrimitives.dll
0x00007ff877d60000 - 0x00007ff877d9b000 	C:\WINDOWS\system32\IMM32.DLL
0x00000000535b0000 - 0x0000000053682000 	C:\Program Files\Java\jdk1.8.0_66\jre\bin\msvcr100.dll
0x0000000053b10000 - 0x0000000054399000 	C:\Program Files\Java\jdk1.8.0_66\jre\bin\server\jvm.dll
0x00007ff8784b0000 - 0x00007ff8784b8000 	C:\WINDOWS\system32\PSAPI.DLL
0x00007ff873740000 - 0x00007ff873749000 	C:\WINDOWS\SYSTEM32\WSOCK32.dll
0x00007ff873890000 - 0x00007ff8738b3000 	C:\WINDOWS\SYSTEM32\WINMM.dll
0x00007ff871920000 - 0x00007ff87192a000 	C:\WINDOWS\SYSTEM32\VERSION.dll
0x00007ff873830000 - 0x00007ff87385c000 	C:\WINDOWS\SYSTEM32\WINMMBASE.dll
0x00007ff875de0000 - 0x00007ff875e23000 	C:\WINDOWS\system32\cfgmgr32.dll
0x00007ff8760f0000 - 0x00007ff87615b000 	C:\WINDOWS\system32\WS2_32.dll
0x0000000053a20000 - 0x0000000053a2f000 	C:\Program Files\Java\jdk1.8.0_66\jre\bin\verify.dll
0x00000000539f0000 - 0x0000000053a19000 	C:\Program Files\Java\jdk1.8.0_66\jre\bin\java.dll
0x00000000539d0000 - 0x00000000539e6000 	C:\Program Files\Java\jdk1.8.0_66\jre\bin\zip.dll
0x00007ff876160000 - 0x00007ff8776bf000 	C:\WINDOWS\system32\SHELL32.dll
0x00007ff875520000 - 0x00007ff875b64000 	C:\WINDOWS\system32\windows.storage.dll
0x00007ff8788f0000 - 0x00007ff878942000 	C:\WINDOWS\system32\shlwapi.dll
0x00007ff875160000 - 0x00007ff87516f000 	C:\WINDOWS\system32\kernel.appcore.dll
0x00007ff875460000 - 0x00007ff875515000 	C:\WINDOWS\system32\shcore.dll
0x00007ff8750e0000 - 0x00007ff87512b000 	C:\WINDOWS\system32\powrprof.dll
0x00007ff875130000 - 0x00007ff875144000 	C:\WINDOWS\system32\profapi.dll

VM Arguments:
jvm_args: -Djava.awt.headless=true -Xmx1024M -Dfile.encoding=windows-1252 -Duser.country=SG -Duser.language=en -Duser.variant 
java_command: com.android.dx.command.Main --dex --num-threads=4 --output C:\Users\Jackie\AndroidStudioProjects\SGTransit\app\build\intermediates\pre-dexed\debug\debug_46955677dce1a822d4812b5d81616e13d1011d52.jar C:\Users\Jackie\AndroidStudioProjects\SGTransit\app\build\intermediates\classes\debug
java_class_path (initial): C:\Users\Jackie\AppData\Local\Android\sdk\build-tools\23.0.2\lib\dx.jar
Launcher Type: SUN_STANDARD

Environment Variables:
JAVA_HOME=C:\Program Files\Java\jdk1.8.0_66
PATH=C:\ProgramData\Oracle\Java\javapath;C:\WINDOWS\system32;C:\WINDOWS;C:\WINDOWS\System32\Wbem;C:\WINDOWS\System32\WindowsPowerShell\v1.0\;C:\Program Files (x86)\ATI Technologies\ATI.ACE\Core-Static;C:\Program Files (x86)\Skype\Phone\;c:\Program Files (x86)\Microsoft SQL Server\100\Tools\Binn\;c:\Program Files\Microsoft SQL Server\100\Tools\Binn\;c:\Program Files\Microsoft SQL Server\100\DTS\Binn\;C:\Program Files (x86)\AMD\ATI.ACE\Core-Static;C:\Program Files (x86)\Common Files\Acronis\VirtualFile\;C:\Program Files (x86)\Common Files\Acronis\VirtualFile64\;C:\Program Files (x86)\Common Files\Acronis\SnapAPI\
USERNAME=Jackie
OS=Windows_NT
PROCESSOR_IDENTIFIER=Intel64 Family 6 Model 42 Stepping 7, GenuineIntel



---------------  S Y S T E M  ---------------

OS: Windows 10.0 , 64 bit Build 10586 (10.0.10586.0)

CPU:total 4 (2 cores per cpu, 2 threads per core) family 6 model 42 stepping 7, cmov, cx8, fxsr, mmx, sse, sse2, sse3, ssse3, sse4.1, sse4.2, popcnt, avx, clmul, ht, tsc, tscinvbit

Memory: 4k page, physical 4173920k(353016k free), swap 5222496k(6080k free)

vm_info: Java HotSpot(TM) 64-Bit Server VM (25.66-b18) for windows-amd64 JRE (1.8.0_66-b18), built on Nov  9 2015 10:51:13 by "java_re" with MS VC++ 10.0 (VS2010)

time: Thu Jan 14 20:37:33 2016
elapsed time: 1 seconds (0d 0h 0m 1s)

