#
# There is insufficient memory for the Java Runtime Environment to continue.
# Native memory allocation (malloc) failed to allocate 32744 bytes for ChunkPool::allocate
# Possible reasons:
#   The system is out of physical RAM or swap space
#   In 32 bit mode, the process size limit was hit
# Possible solutions:
#   Reduce memory load on the system
#   Increase physical memory or swap space
#   Check if swap backing store is full
#   Use 64 bit Java on a 64 bit OS
#   Decrease Java heap size (-Xmx/-Xms)
#   Decrease number of Java threads
#   Decrease Java thread stack sizes (-Xss)
#   Set larger code cache with -XX:ReservedCodeCacheSize=
# This output file may be truncated or incomplete.
#
#  Out of Memory Error (allocation.cpp:273), pid=4328, tid=2020
#
# JRE version: Java(TM) SE Runtime Environment (8.0_66-b18) (build 1.8.0_66-b18)
# Java VM: Java HotSpot(TM) 64-Bit Server VM (25.66-b18 mixed mode windows-amd64 compressed oops)
# Failed to write core dump. Minidumps are not enabled by default on client versions of Windows
#

---------------  T H R E A D  ---------------

Current thread (0x0000000014a98800):  JavaThread "C2 CompilerThread0" daemon [_thread_in_native, id=2020, stack(0x00000000160f0000,0x00000000161f0000)]

Stack: [0x00000000160f0000,0x00000000161f0000]
[error occurred during error reporting (printing stack bounds), id 0xc0000005]

Native frames: (J=compiled Java code, j=interpreted, Vv=VM code, C=native code)


Current CompileTask:
C2:   4593 2051   !   4       com.android.dx.cf.code.Ropper::processBlock (1101 bytes)


---------------  P R O C E S S  ---------------

Java Threads: ( => current thread )
  0x00000000166ca800 JavaThread "pool-2-thread-4" [_thread_in_Java, id=4700, stack(0x00000000185c0000,0x00000000186c0000)]
  0x00000000166c9800 JavaThread "pool-2-thread-3" [_thread_in_Java, id=7820, stack(0x00000000184c0000,0x00000000185c0000)]
  0x00000000166c9000 JavaThread "pool-2-thread-2" [_thread_in_Java, id=5328, stack(0x00000000183c0000,0x00000000184c0000)]
  0x000000001702f000 JavaThread "pool-3-thread-1" [_thread_blocked, id=2668, stack(0x00000000182c0000,0x00000000183c0000)]
  0x0000000016ed4000 JavaThread "pool-2-thread-1" [_thread_in_Java, id=4080, stack(0x00000000181c0000,0x00000000182c0000)]
  0x0000000016416800 JavaThread "Service Thread" daemon [_thread_blocked, id=6400, stack(0x00000000167f0000,0x00000000168f0000)]
  0x0000000014aa6800 JavaThread "C1 CompilerThread2" daemon [_thread_blocked, id=8072, stack(0x00000000162f0000,0x00000000163f0000)]
  0x0000000014aa0000 JavaThread "C2 CompilerThread1" daemon [_thread_in_native, id=2220, stack(0x00000000161f0000,0x00000000162f0000)]
=>0x0000000014a98800 JavaThread "C2 CompilerThread0" daemon [_thread_in_native, id=2020, stack(0x00000000160f0000,0x00000000161f0000)]
  0x0000000014a97000 JavaThread "Attach Listener" daemon [_thread_blocked, id=2680, stack(0x0000000015ff0000,0x00000000160f0000)]
  0x0000000014a95800 JavaThread "Signal Dispatcher" daemon [_thread_blocked, id=7696, stack(0x0000000015ef0000,0x0000000015ff0000)]
  0x00000000023c6000 JavaThread "Finalizer" daemon [_thread_blocked, id=5200, stack(0x0000000015d10000,0x0000000015e10000)]
  0x00000000023bd000 JavaThread "Reference Handler" daemon [_thread_blocked, id=4852, stack(0x0000000015c10000,0x0000000015d10000)]
  0x00000000022d0800 JavaThread "main" [_thread_in_vm, id=80, stack(0x0000000002100000,0x0000000002200000)]

Other Threads:
  0x0000000014a67800 VMThread [stack: 0x0000000015b10000,0x0000000015c10000] [id=5940]
  0x000000001643c800 WatcherThread [stack: 0x00000000168f0000,0x00000000169f0000] [id=3680]

VM state:not at safepoint (normal execution)

VM Mutex/Monitor currently owned by a thread: None

Heap:
 PSYoungGen      total 216576K, used 107451K [0x00000000eab00000, 0x00000000fb500000, 0x0000000100000000)
  eden space 188416K, 46% used [0x00000000eab00000,0x00000000f003ac68,0x00000000f6300000)
  from space 28160K, 74% used [0x00000000f8780000,0x00000000f9be92d8,0x00000000fa300000)
  to   space 37376K, 0% used [0x00000000f6300000,0x00000000f6300000,0x00000000f8780000)
 ParOldGen       total 81920K, used 43717K [0x00000000c0000000, 0x00000000c5000000, 0x00000000eab00000)
  object space 81920K, 53% used [0x00000000c0000000,0x00000000c2ab1740,0x00000000c5000000)
 Metaspace       used 6562K, capacity 7256K, committed 7424K, reserved 1056768K
  class space    used 625K, capacity 656K, committed 768K, reserved 1048576K

Card table byte_map: [0x0000000011790000,0x00000000119a0000] byte_map_base: 0x0000000011190000

Marking Bits: (ParMarkBitMap*) 0x000000005431a5b0
 Begin Bits: [0x0000000011f00000, 0x0000000012f00000)
 End Bits:   [0x0000000012f00000, 0x0000000013f00000)

Polling page: 0x0000000000950000

CodeCache: size=245760Kb used=8709Kb max_used=8709Kb free=237050Kb
 bounds [0x00000000023d0000, 0x0000000002c60000, 0x00000000113d0000]
 total_blobs=2292 nmethods=2022 adapters=182
 compilation: enabled

Compilation events (10 events):
Event: 4.412 Thread 0x0000000014aa6800 2100       1       com.android.dx.rop.cst.CstLong::getType (4 bytes)
Event: 4.412 Thread 0x0000000014aa6800 nmethod 2100 0x0000000002c1ae50 code [0x0000000002c1afa0, 0x0000000002c1b0b0]
Event: 4.444 Thread 0x0000000014aa6800 2101       3       com.android.dx.rop.code.LocalVariableExtractor::processBlock (327 bytes)
Event: 4.448 Thread 0x0000000014aa6800 nmethod 2101 0x0000000002c50a10 code [0x0000000002c50e80, 0x0000000002c54918]
Event: 4.493 Thread 0x0000000014aa6800 2102       2       com.android.dx.cf.code.ExecutionStack::peekLocal (46 bytes)
Event: 4.493 Thread 0x0000000014aa6800 nmethod 2102 0x0000000002c12ad0 code [0x0000000002c12c60, 0x0000000002c12f58]
Event: 4.493 Thread 0x0000000014aa6800 2103       2       com.android.dx.cf.code.BaseMachine::popArgs (204 bytes)
Event: 4.494 Thread 0x0000000014aa6800 nmethod 2103 0x0000000002c56d50 code [0x0000000002c570a0, 0x0000000002c57e08]
Event: 4.494 Thread 0x0000000014aa6800 2104       2       com.android.dx.rop.code.Rops::opAput (97 bytes)
Event: 4.495 Thread 0x0000000014aa6800 nmethod 2104 0x0000000002c58c50 code [0x0000000002c58e20, 0x0000000002c59398]

GC Heap History (10 events):
Event: 1.853 GC heap before
{Heap before GC invocations=7 (full 0):
 PSYoungGen      total 73216K, used 71984K [0x00000000eab00000, 0x00000000f0000000, 0x0000000100000000)
  eden space 64000K, 100% used [0x00000000eab00000,0x00000000ee980000,0x00000000ee980000)
  from space 9216K, 86% used [0x00000000ef400000,0x00000000efbcc2f8,0x00000000efd00000)
  to   space 10752K, 0% used [0x00000000ee980000,0x00000000ee980000,0x00000000ef400000)
 ParOldGen       total 44032K, used 10344K [0x00000000c0000000, 0x00000000c2b00000, 0x00000000eab00000)
  object space 44032K, 23% used [0x00000000c0000000,0x00000000c0a1a310,0x00000000c2b00000)
 Metaspace       used 6310K, capacity 7152K, committed 7296K, reserved 1056768K
  class space    used 604K, capacity 616K, committed 640K, reserved 1048576K
Event: 1.885 GC heap after
Heap after GC invocations=7 (full 0):
 PSYoungGen      total 74752K, used 10736K [0x00000000eab00000, 0x00000000f4800000, 0x0000000100000000)
  eden space 64000K, 0% used [0x00000000eab00000,0x00000000eab00000,0x00000000ee980000)
  from space 10752K, 99% used [0x00000000ee980000,0x00000000ef3fc248,0x00000000ef400000)
  to   space 16384K, 0% used [0x00000000f3800000,0x00000000f3800000,0x00000000f4800000)
 ParOldGen       total 44032K, used 16789K [0x00000000c0000000, 0x00000000c2b00000, 0x00000000eab00000)
  object space 44032K, 38% used [0x00000000c0000000,0x00000000c10656c8,0x00000000c2b00000)
 Metaspace       used 6310K, capacity 7152K, committed 7296K, reserved 1056768K
  class space    used 604K, capacity 616K, committed 640K, reserved 1048576K
}
Event: 2.203 GC heap before
{Heap before GC invocations=8 (full 0):
 PSYoungGen      total 74752K, used 74736K [0x00000000eab00000, 0x00000000f4800000, 0x0000000100000000)
  eden space 64000K, 100% used [0x00000000eab00000,0x00000000ee980000,0x00000000ee980000)
  from space 10752K, 99% used [0x00000000ee980000,0x00000000ef3fc248,0x00000000ef400000)
  to   space 16384K, 0% used [0x00000000f3800000,0x00000000f3800000,0x00000000f4800000)
 ParOldGen       total 44032K, used 16789K [0x00000000c0000000, 0x00000000c2b00000, 0x00000000eab00000)
  object space 44032K, 38% used [0x00000000c0000000,0x00000000c10656c8,0x00000000c2b00000)
 Metaspace       used 6428K, capacity 7192K, committed 7424K, reserved 1056768K
  class space    used 625K, capacity 656K, committed 768K, reserved 1048576K
Event: 2.238 GC heap after
Heap after GC invocations=8 (full 0):
 PSYoungGen      total 139776K, used 16382K [0x00000000eab00000, 0x00000000f5100000, 0x0000000100000000)
  eden space 123392K, 0% used [0x00000000eab00000,0x00000000eab00000,0x00000000f2380000)
  from space 16384K, 99% used [0x00000000f3800000,0x00000000f47ffa20,0x00000000f4800000)
  to   space 20992K, 0% used [0x00000000f2380000,0x00000000f2380000,0x00000000f3800000)
 ParOldGen       total 44032K, used 20131K [0x00000000c0000000, 0x00000000c2b00000, 0x00000000eab00000)
  object space 44032K, 45% used [0x00000000c0000000,0x00000000c13a8ec8,0x00000000c2b00000)
 Metaspace       used 6428K, capacity 7192K, committed 7424K, reserved 1056768K
  class space    used 625K, capacity 656K, committed 768K, reserved 1048576K
}
Event: 2.874 GC heap before
{Heap before GC invocations=9 (full 0):
 PSYoungGen      total 139776K, used 139774K [0x00000000eab00000, 0x00000000f5100000, 0x0000000100000000)
  eden space 123392K, 100% used [0x00000000eab00000,0x00000000f2380000,0x00000000f2380000)
  from space 16384K, 99% used [0x00000000f3800000,0x00000000f47ffa20,0x00000000f4800000)
  to   space 20992K, 0% used [0x00000000f2380000,0x00000000f2380000,0x00000000f3800000)
 ParOldGen       total 44032K, used 20131K [0x00000000c0000000, 0x00000000c2b00000, 0x00000000eab00000)
  object space 44032K, 45% used [0x00000000c0000000,0x00000000c13a8ec8,0x00000000c2b00000)
 Metaspace       used 6497K, capacity 7256K, committed 7424K, reserved 1056768K
  class space    used 625K, capacity 656K, committed 768K, reserved 1048576K
Event: 2.932 GC heap after
Heap after GC invocations=9 (full 0):
 PSYoungGen      total 144384K, used 20961K [0x00000000eab00000, 0x00000000fa300000, 0x0000000100000000)
  eden space 123392K, 0% used [0x00000000eab00000,0x00000000eab00000,0x00000000f2380000)
  from space 20992K, 99% used [0x00000000f2380000,0x00000000f37f84b0,0x00000000f3800000)
  to   space 28160K, 0% used [0x00000000f8780000,0x00000000f8780000,0x00000000fa300000)
 ParOldGen       total 44032K, used 29485K [0x00000000c0000000, 0x00000000c2b00000, 0x00000000eab00000)
  object space 44032K, 66% used [0x00000000c0000000,0x00000000c1ccb580,0x00000000c2b00000)
 Metaspace       used 6497K, capacity 7256K, committed 7424K, reserved 1056768K
  class space    used 625K, capacity 656K, committed 768K, reserved 1048576K
}
Event: 3.660 GC heap before
{Heap before GC invocations=10 (full 0):
 PSYoungGen      total 144384K, used 144353K [0x00000000eab00000, 0x00000000fa300000, 0x0000000100000000)
  eden space 123392K, 100% used [0x00000000eab00000,0x00000000f2380000,0x00000000f2380000)
  from space 20992K, 99% used [0x00000000f2380000,0x00000000f37f84b0,0x00000000f3800000)
  to   space 28160K, 0% used [0x00000000f8780000,0x00000000f8780000,0x00000000fa300000)
 ParOldGen       total 44032K, used 29485K [0x00000000c0000000, 0x00000000c2b00000, 0x00000000eab00000)
  object space 44032K, 66% used [0x00000000c0000000,0x00000000c1ccb580,0x00000000c2b00000)
 Metaspace       used 6558K, capacity 7256K, committed 7424K, reserved 1056768K
  class space    used 625K, capacity 656K, committed 768K, reserved 1048576K
Event: 3.728 GC heap after
Heap after GC invocations=10 (full 0):
 PSYoungGen      total 216576K, used 28131K [0x00000000eab00000, 0x00000000fb500000, 0x0000000100000000)
  eden space 188416K, 0% used [0x00000000eab00000,0x00000000eab00000,0x00000000f6300000)
  from space 28160K, 99% used [0x00000000f8780000,0x00000000fa2f8fa8,0x00000000fa300000)
  to   space 37376K, 0% used [0x00000000f6300000,0x00000000f6300000,0x00000000f8780000)
 ParOldGen       total 44032K, used 41476K [0x00000000c0000000, 0x00000000c2b00000, 0x00000000eab00000)
  object space 44032K, 94% used [0x00000000c0000000,0x00000000c28810a8,0x00000000c2b00000)
 Metaspace       used 6558K, capacity 7256K, committed 7424K, reserved 1056768K
  class space    used 625K, capacity 656K, committed 768K, reserved 1048576K
}
Event: 3.728 GC heap before
{Heap before GC invocations=11 (full 1):
 PSYoungGen      total 216576K, used 28131K [0x00000000eab00000, 0x00000000fb500000, 0x0000000100000000)
  eden space 188416K, 0% used [0x00000000eab00000,0x00000000eab00000,0x00000000f6300000)
  from space 28160K, 99% used [0x00000000f8780000,0x00000000fa2f8fa8,0x00000000fa300000)
  to   space 37376K, 0% used [0x00000000f6300000,0x00000000f6300000,0x00000000f8780000)
 ParOldGen       total 44032K, used 41476K [0x00000000c0000000, 0x00000000c2b00000, 0x00000000eab00000)
  object space 44032K, 94% used [0x00000000c0000000,0x00000000c28810a8,0x00000000c2b00000)
 Metaspace       used 6558K, capacity 7256K, committed 7424K, reserved 1056768K
  class space    used 625K, capacity 656K, committed 768K, reserved 1048576K
Event: 4.159 GC heap after
Heap after GC invocations=11 (full 1):
 PSYoungGen      total 216576K, used 20900K [0x00000000eab00000, 0x00000000fb500000, 0x0000000100000000)
  eden space 188416K, 0% used [0x00000000eab00000,0x00000000eab00000,0x00000000f6300000)
  from space 28160K, 74% used [0x00000000f8780000,0x00000000f9be92d8,0x00000000fa300000)
  to   space 37376K, 0% used [0x00000000f6300000,0x00000000f6300000,0x00000000f8780000)
 ParOldGen       total 81920K, used 43717K [0x00000000c0000000, 0x00000000c5000000, 0x00000000eab00000)
  object space 81920K, 53% used [0x00000000c0000000,0x00000000c2ab1740,0x00000000c5000000)
 Metaspace       used 6558K, capacity 7256K, committed 7424K, reserved 1056768K
  class space    used 625K, capacity 656K, committed 768K, reserved 1048576K
}

Deoptimization events (10 events):
Event: 2.369 Thread 0x00000000166c9800 Uncommon trap: reason=bimorphic action=maybe_recompile pc=0x0000000002af60a4 method=com.android.dx.cf.code.BytecodeArray.parseInstruction(ILcom/android/dx/cf/code/BytecodeArray$Visitor;)I @ 1287
Event: 2.369 Thread 0x00000000166c9800 Uncommon trap: reason=bimorphic action=maybe_recompile pc=0x0000000002af60a4 method=com.android.dx.cf.code.BytecodeArray.parseInstruction(ILcom/android/dx/cf/code/BytecodeArray$Visitor;)I @ 1287
Event: 2.437 Thread 0x00000000166c9000 Uncommon trap: reason=bimorphic action=maybe_recompile pc=0x0000000002aee728 method=java.util.HashMap.putVal(ILjava/lang/Object;Ljava/lang/Object;ZZ)Ljava/lang/Object; @ 203
Event: 3.233 Thread 0x00000000166ca800 Uncommon trap: reason=bimorphic action=maybe_recompile pc=0x0000000002b90d90 method=com.android.dx.cf.code.BytecodeArray.parseInstruction(ILcom/android/dx/cf/code/BytecodeArray$Visitor;)I @ 2281
Event: 3.233 Thread 0x00000000166ca800 Uncommon trap: reason=bimorphic action=maybe_recompile pc=0x0000000002b90d90 method=com.android.dx.cf.code.BytecodeArray.parseInstruction(ILcom/android/dx/cf/code/BytecodeArray$Visitor;)I @ 2281
Event: 3.318 Thread 0x0000000016ed4000 Uncommon trap: reason=unstable_if action=reinterpret pc=0x0000000002bd1dd8 method=com.android.dx.ssa.SCCP.simulateBranch(Lcom/android/dx/ssa/SsaInsn;)V @ 548
Event: 4.180 Thread 0x00000000166c9000 Uncommon trap: reason=unstable_if action=reinterpret pc=0x0000000002be52c4 method=com.android.dx.rop.code.RegisterSpecSet.<init>(I)V @ 2
Event: 4.180 Thread 0x00000000166c9000 Uncommon trap: reason=unstable_if action=reinterpret pc=0x0000000002a3f65c method=com.android.dx.rop.code.RegisterSpecSet.<init>(I)V @ 2
Event: 4.276 Thread 0x00000000166ca800 Uncommon trap: reason=bimorphic action=maybe_recompile pc=0x0000000002c24914 method=com.android.dx.cf.code.BytecodeArray.parseInstruction(ILcom/android/dx/cf/code/BytecodeArray$Visitor;)I @ 1161
Event: 4.276 Thread 0x00000000166ca800 Uncommon trap: reason=bimorphic action=maybe_recompile pc=0x0000000002c24914 method=com.android.dx.cf.code.BytecodeArray.parseInstruction(ILcom/android/dx/cf/code/BytecodeArray$Visitor;)I @ 1161

Internal exceptions (6 events):
Event: 0.029 Thread 0x00000000022d0800 Exception <a 'java/lang/NoSuchMethodError': Method sun.misc.Unsafe.defineClass(Ljava/lang/String;[BII)Ljava/lang/Class; name or signature does not match> (0x00000000eab0d660) thrown at [C:\re\workspace\8-2-build-windows-amd64-cygwin\jdk8u66\5298\hotspot\srÄUb'´ù?
Event: 0.029 Thread 0x00000000022d0800 Exception <a 'java/lang/NoSuchMethodError': Method sun.misc.Unsafe.prefetchRead(Ljava/lang/Object;J)V name or signature does not match> (0x00000000eab0d948) thrown at [C:\re\workspace\8-2-build-windows-amd64-cygwin\jdk8u66\5298\hotspot\src\share\vm\prims\j %qÅ"<Ó?
Event: 0.945 Thread 0x00000000166ca800 Implicit null exception at 0x00000000026f13b7 to 0x00000000026f29c1
Event: 2.072 Thread 0x00000000166c9000 Exception <a 'java/lang/ArrayIndexOutOfBoundsException': 18> (0x00000000ed1dbde8) thrown at [C:\re\workspace\8-2-build-windows-amd64-cygwin\jdk8u66\5298\hotspot\src\share\vm\interpreter\interpreterRuntime.cpp, line 366]
Event: 2.073 Thread 0x00000000166c9000 Exception <a 'java/lang/ArrayIndexOutOfBoundsException': 145> (0x00000000ed1dd968) thrown at [C:\re\workspace\8-2-build-windows-amd64-cygwin\jdk8u66\5298\hotspot\src\share\vm\interpreter\interpreterRuntime.cpp, line 366]
Event: 2.074 Thread 0x00000000166c9000 Exception <a 'java/lang/ArrayIndexOutOfBoundsException'> (0x00000000ed1dec50) thrown at [C:\re\workspace\8-2-build-windows-amd64-cygwin\jdk8u66\5298\hotspot\src\share\vm\runtime\sharedRuntime.cpp, line 605]

Events (10 events):
Event: 4.276 Thread 0x00000000166ca800 Uncommon trap: trap_request=0xffffffc6 fr.pc=0x0000000002c24914
Event: 4.276 Thread 0x00000000166ca800 DEOPT PACKING pc=0x0000000002c24914 sp=0x00000000186be8d0
Event: 4.276 Thread 0x00000000166ca800 DEOPT UNPACKING pc=0x000000000241582a sp=0x00000000186be8b8 mode 2
Event: 4.276 Thread 0x00000000166ca800 Uncommon trap: trap_request=0xffffffc6 fr.pc=0x0000000002c24914
Event: 4.276 Thread 0x00000000166ca800 DEOPT PACKING pc=0x0000000002c24914 sp=0x00000000186be730
Event: 4.276 Thread 0x00000000166ca800 DEOPT UNPACKING pc=0x000000000241582a sp=0x00000000186be718 mode 2
Event: 4.409 Thread 0x00000000166ca800 DEOPT PACKING pc=0x00000000029ec1d8 sp=0x00000000186be8f0
Event: 4.409 Thread 0x00000000166ca800 DEOPT UNPACKING pc=0x000000000241787f sp=0x00000000186be670 mode 0
Event: 4.460 Thread 0x00000000166c9000 DEOPT PACKING pc=0x00000000026ae38c sp=0x00000000184beef0
Event: 4.460 Thread 0x00000000166c9000 DEOPT UNPACKING pc=0x000000000241787f sp=0x00000000184bec08 mode 0


Dynamic libraries:
0x00007ff7b8f80000 - 0x00007ff7b8fb7000 	C:\Program Files\Java\jdk1.8.0_66\bin\java.exe
0x00007ff878ac0000 - 0x00007ff878c81000 	C:\WINDOWS\SYSTEM32\ntdll.dll
0x00007ff8779f0000 - 0x00007ff877a9d000 	C:\WINDOWS\system32\KERNEL32.DLL
0x00007ff875bf0000 - 0x00007ff875dd8000 	C:\WINDOWS\system32\KERNELBASE.dll
0x00007ff8776c0000 - 0x00007ff877767000 	C:\WINDOWS\system32\ADVAPI32.dll
0x00007ff875ec0000 - 0x00007ff875f5d000 	C:\WINDOWS\system32\msvcrt.dll
0x00007ff8782c0000 - 0x00007ff87831b000 	C:\WINDOWS\system32\sechost.dll
0x00007ff8781a0000 - 0x00007ff8782bc000 	C:\WINDOWS\system32\RPCRT4.dll
0x00007ff878960000 - 0x00007ff878ab6000 	C:\WINDOWS\system32\USER32.dll
0x00007ff875f60000 - 0x00007ff8760e6000 	C:\WINDOWS\system32\GDI32.dll
0x00007ff86c1b0000 - 0x00007ff86c424000 	C:\WINDOWS\WinSxS\amd64_microsoft.windows.common-controls_6595b64144ccf1df_6.0.10586.0_none_8c15ae12515e1c22\COMCTL32.dll
0x00007ff877da0000 - 0x00007ff87801d000 	C:\WINDOWS\system32\combase.dll
0x00007ff875220000 - 0x00007ff87528a000 	C:\WINDOWS\system32\bcryptPrimitives.dll
0x00007ff877d60000 - 0x00007ff877d9b000 	C:\WINDOWS\system32\IMM32.DLL
0x00000000535b0000 - 0x0000000053682000 	C:\Program Files\Java\jdk1.8.0_66\jre\bin\msvcr100.dll
0x0000000053b10000 - 0x0000000054399000 	C:\Program Files\Java\jdk1.8.0_66\jre\bin\server\jvm.dll
0x00007ff8784b0000 - 0x00007ff8784b8000 	C:\WINDOWS\system32\PSAPI.DLL
0x00007ff871920000 - 0x00007ff87192a000 	C:\WINDOWS\SYSTEM32\VERSION.dll
0x00007ff873890000 - 0x00007ff8738b3000 	C:\WINDOWS\SYSTEM32\WINMM.dll
0x00007ff86f4f0000 - 0x00007ff86f4f9000 	C:\WINDOWS\SYSTEM32\WSOCK32.dll
0x00007ff8760f0000 - 0x00007ff87615b000 	C:\WINDOWS\system32\WS2_32.dll
0x0000000000900000 - 0x000000000092c000 	C:\WINDOWS\SYSTEM32\WINMMBASE.dll
0x00007ff875de0000 - 0x00007ff875e23000 	C:\WINDOWS\system32\cfgmgr32.dll
0x0000000053a20000 - 0x0000000053a2f000 	C:\Program Files\Java\jdk1.8.0_66\jre\bin\verify.dll
0x00000000539f0000 - 0x0000000053a19000 	C:\Program Files\Java\jdk1.8.0_66\jre\bin\java.dll
0x00000000539d0000 - 0x00000000539e6000 	C:\Program Files\Java\jdk1.8.0_66\jre\bin\zip.dll
0x00007ff876160000 - 0x00007ff8776bf000 	C:\WINDOWS\system32\SHELL32.dll
0x00007ff875520000 - 0x00007ff875b64000 	C:\WINDOWS\system32\windows.storage.dll
0x00007ff8788f0000 - 0x00007ff878942000 	C:\WINDOWS\system32\shlwapi.dll
0x00007ff875160000 - 0x00007ff87516f000 	C:\WINDOWS\system32\kernel.appcore.dll
0x00007ff875460000 - 0x00007ff875515000 	C:\WINDOWS\system32\shcore.dll
0x00007ff8750e0000 - 0x00007ff87512b000 	C:\WINDOWS\system32\powrprof.dll
0x00007ff875130000 - 0x00007ff875144000 	C:\WINDOWS\system32\profapi.dll

VM Arguments:
jvm_args: -Djava.awt.headless=true -Xmx1024M -Dfile.encoding=windows-1252 -Duser.country=SG -Duser.language=en -Duser.variant 
java_command: com.android.dx.command.Main --dex --num-threads=4 --multi-dex --main-dex-list C:\Users\Jackie\AndroidStudioProjects\SGTransit\app\build\intermediates\multi-dex\debug\maindexlist.txt --output C:\Users\Jackie\AndroidStudioProjects\SGTransit\app\build\intermediates\transforms\dex\debug\folders\1000\1f\main C:\Users\Jackie\AndroidStudioProjects\SGTransit\app\build\intermediates\transforms\jarMerging\debug\jars\1\1f\combined.jar
java_class_path (initial): C:\Users\Jackie\AppData\Local\Android\sdk\build-tools\23.0.2\lib\dx.jar
Launcher Type: SUN_STANDARD

Environment Variables:
JAVA_HOME=C:\Program Files\Java\jdk1.8.0_66
PATH=C:\ProgramData\Oracle\Java\javapath;C:\WINDOWS\system32;C:\WINDOWS;C:\WINDOWS\System32\Wbem;C:\WINDOWS\System32\WindowsPowerShell\v1.0\;C:\Program Files (x86)\ATI Technologies\ATI.ACE\Core-Static;C:\Program Files (x86)\Skype\Phone\;c:\Program Files (x86)\Microsoft SQL Server\100\Tools\Binn\;c:\Program Files\Microsoft SQL Server\100\Tools\Binn\;c:\Program Files\Microsoft SQL Server\100\DTS\Binn\;C:\Program Files (x86)\AMD\ATI.ACE\Core-Static;C:\Program Files (x86)\Common Files\Acronis\VirtualFile\;C:\Program Files (x86)\Common Files\Acronis\VirtualFile64\;C:\Program Files (x86)\Common Files\Acronis\SnapAPI\
USERNAME=Jackie
OS=Windows_NT
PROCESSOR_IDENTIFIER=Intel64 Family 6 Model 42 Stepping 7, GenuineIntel



---------------  S Y S T E M  ---------------

OS: Windows 10.0 , 64 bit Build 10586 (10.0.10586.0)

CPU:total 4 (2 cores per cpu, 2 threads per core) family 6 model 42 stepping 7, cmov, cx8, fxsr, mmx, sse, sse2, sse3, ssse3, sse4.1, sse4.2, popcnt, avx, clmul, ht, tsc, tscinvbit

Memory: 4k page, physical 4173920k(190192k free), swap 5222496k(5132k free)

vm_info: Java HotSpot(TM) 64-Bit Server VM (25.66-b18) for windows-amd64 JRE (1.8.0_66-b18), built on Nov  9 2015 10:51:13 by "java_re" with MS VC++ 10.0 (VS2010)

time: Thu Jan 14 21:33:43 2016
elapsed time: 4 seconds (0d 0h 0m 4s)

