#
# There is insufficient memory for the Java Runtime Environment to continue.
# Native memory allocation (malloc) failed to allocate 32744 bytes for ChunkPool::allocate
# Possible reasons:
#   The system is out of physical RAM or swap space
#   In 32 bit mode, the process size limit was hit
# Possible solutions:
#   Reduce memory load on the system
#   Increase physical memory or swap space
#   Check if swap backing store is full
#   Use 64 bit Java on a 64 bit OS
#   Decrease Java heap size (-Xmx/-Xms)
#   Decrease number of Java threads
#   Decrease Java thread stack sizes (-Xss)
#   Set larger code cache with -XX:ReservedCodeCacheSize=
# This output file may be truncated or incomplete.
#
#  Out of Memory Error (allocation.cpp:273), pid=11044, tid=11156
#
# JRE version: Java(TM) SE Runtime Environment (8.0_66-b18) (build 1.8.0_66-b18)
# Java VM: Java HotSpot(TM) 64-Bit Server VM (25.66-b18 mixed mode windows-amd64 compressed oops)
# Failed to write core dump. Minidumps are not enabled by default on client versions of Windows
#

---------------  T H R E A D  ---------------

Current thread (0x0000000014a20000):  JavaThread "C2 CompilerThread1" daemon [_thread_in_native, id=11156, stack(0x0000000016160000,0x0000000016260000)]

Stack: [0x0000000016160000,0x0000000016260000]
[error occurred during error reporting (printing stack bounds), id 0xc0000005]

Native frames: (J=compiled Java code, j=interpreted, Vv=VM code, C=native code)


Current CompileTask:
C2:   6231 2200   !   4       com.android.dx.cf.code.BytecodeArray::parseInstruction (2764 bytes)


---------------  P R O C E S S  ---------------

Java Threads: ( => current thread )
  0x0000000016d5a800 JavaThread "pool-2-thread-4" [_thread_in_Java, id=11188, stack(0x0000000018530000,0x0000000018630000)]
  0x00000000165f8800 JavaThread "pool-2-thread-3" [_thread_blocked, id=11184, stack(0x0000000018430000,0x0000000018530000)]
  0x0000000016cde000 JavaThread "pool-2-thread-2" [_thread_blocked, id=11180, stack(0x0000000018330000,0x0000000018430000)]
  0x0000000016ed6800 JavaThread "pool-3-thread-1" [_thread_blocked, id=11176, stack(0x0000000018230000,0x0000000018330000)]
  0x0000000016bb0800 JavaThread "pool-2-thread-1" [_thread_in_Java, id=11172, stack(0x0000000018130000,0x0000000018230000)]
  0x0000000016391800 JavaThread "Service Thread" daemon [_thread_blocked, id=11164, stack(0x0000000016760000,0x0000000016860000)]
  0x0000000014a29000 JavaThread "C1 CompilerThread2" daemon [_thread_blocked, id=11160, stack(0x0000000016260000,0x0000000016360000)]
=>0x0000000014a20000 JavaThread "C2 CompilerThread1" daemon [_thread_in_native, id=11156, stack(0x0000000016160000,0x0000000016260000)]
  0x0000000014a18800 JavaThread "C2 CompilerThread0" daemon [_thread_in_native, id=11152, stack(0x0000000016060000,0x0000000016160000)]
  0x0000000014a17000 JavaThread "Attach Listener" daemon [_thread_blocked, id=11148, stack(0x0000000015f60000,0x0000000016060000)]
  0x0000000014a15800 JavaThread "Signal Dispatcher" daemon [_thread_blocked, id=11144, stack(0x0000000015e60000,0x0000000015f60000)]
  0x0000000002346000 JavaThread "Finalizer" daemon [_thread_blocked, id=11140, stack(0x0000000015c80000,0x0000000015d80000)]
  0x000000000233d000 JavaThread "Reference Handler" daemon [_thread_blocked, id=11136, stack(0x0000000015b80000,0x0000000015c80000)]
  0x0000000002250800 JavaThread "main" [_thread_blocked, id=11112, stack(0x00000000020a0000,0x00000000021a0000)]

Other Threads:
  0x00000000149e7800 VMThread [stack: 0x0000000015a80000,0x0000000015b80000] [id=11132]
  0x00000000163af800 WatcherThread [stack: 0x0000000016860000,0x0000000016960000] [id=11168]

VM state:not at safepoint (normal execution)

VM Mutex/Monitor currently owned by a thread: None

Heap:
 PSYoungGen      total 98816K, used 26860K [0x00000000eab00000, 0x00000000f1f80000, 0x0000000100000000)
  eden space 80384K, 10% used [0x00000000eab00000,0x00000000eb33de80,0x00000000ef980000)
  from space 18432K, 99% used [0x00000000ef980000,0x00000000f0b7d2a0,0x00000000f0b80000)
  to   space 17920K, 0% used [0x00000000f0b80000,0x00000000f0b80000,0x00000000f1d00000)
 ParOldGen       total 158208K, used 86444K [0x00000000c0000000, 0x00000000c9a80000, 0x00000000eab00000)
  object space 158208K, 54% used [0x00000000c0000000,0x00000000c546b330,0x00000000c9a80000)
 Metaspace       used 6579K, capacity 7320K, committed 7680K, reserved 1056768K
  class space    used 626K, capacity 656K, committed 768K, reserved 1048576K

Card table byte_map: [0x0000000011710000,0x0000000011920000] byte_map_base: 0x0000000011110000

Marking Bits: (ParMarkBitMap*) 0x000000005431a5b0
 Begin Bits: [0x0000000011e80000, 0x0000000012e80000)
 End Bits:   [0x0000000012e80000, 0x0000000013e80000)

Polling page: 0x0000000000910000

CodeCache: size=245760Kb used=8967Kb max_used=8967Kb free=236792Kb
 bounds [0x0000000002350000, 0x0000000002c20000, 0x0000000011350000]
 total_blobs=2398 nmethods=2128 adapters=182
 compilation: enabled

Compilation events (10 events):
Event: 6.026 Thread 0x0000000014a29000 2218       2       com.android.dx.cf.code.SwitchList::setDefaultTarget (51 bytes)
Event: 6.027 Thread 0x0000000014a29000 nmethod 2218 0x0000000002c17810 code [0x0000000002c179c0, 0x0000000002c17d58]
Event: 6.027 Thread 0x0000000014a29000 2219       2       com.android.dx.cf.code.SwitchList::removeSuperfluousDefaults (149 bytes)
Event: 6.027 Thread 0x0000000014a29000 nmethod 2219 0x0000000002c17f90 code [0x0000000002c18180, 0x0000000002c18698]
Event: 6.027 Thread 0x0000000014a29000 2220       2       com.android.dx.cf.code.SwitchList::setImmutable (19 bytes)
Event: 6.028 Thread 0x0000000014a29000 nmethod 2220 0x0000000002c18b50 code [0x0000000002c18ca0, 0x0000000002c18e10]
Event: 6.028 Thread 0x0000000014a29000 2221       1       com.android.dx.rop.code.SwitchInsn::getCases (5 bytes)
Event: 6.029 Thread 0x0000000014a29000 nmethod 2221 0x0000000002c18ed0 code [0x0000000002c19020, 0x0000000002c19130]
Event: 6.029 Thread 0x0000000014a29000 2222       1       com.android.dx.dex.code.SwitchData::isPacked (5 bytes)
Event: 6.029 Thread 0x0000000014a29000 nmethod 2222 0x0000000002c19190 code [0x0000000002c192e0, 0x0000000002c193f0]

GC Heap History (10 events):
Event: 4.035 GC heap before
{Heap before GC invocations=12 (full 1):
 PSYoungGen      total 98304K, used 91808K [0x00000000eab00000, 0x00000000f1f80000, 0x0000000100000000)
  eden space 80384K, 100% used [0x00000000eab00000,0x00000000ef980000,0x00000000ef980000)
  from space 17920K, 63% used [0x00000000f0b80000,0x00000000f16a8010,0x00000000f1d00000)
  to   space 18432K, 0% used [0x00000000ef980000,0x00000000ef980000,0x00000000f0b80000)
 ParOldGen       total 78336K, used 53386K [0x00000000c0000000, 0x00000000c4c80000, 0x00000000eab00000)
  object space 78336K, 68% used [0x00000000c0000000,0x00000000c34229d8,0x00000000c4c80000)
 Metaspace       used 6574K, capacity 7320K, committed 7680K, reserved 1056768K
  class space    used 626K, capacity 656K, committed 768K, reserved 1048576K
Event: 4.090 GC heap after
Heap after GC invocations=12 (full 1):
 PSYoungGen      total 98816K, used 18400K [0x00000000eab00000, 0x00000000f1f80000, 0x0000000100000000)
  eden space 80384K, 0% used [0x00000000eab00000,0x00000000eab00000,0x00000000ef980000)
  from space 18432K, 99% used [0x00000000ef980000,0x00000000f0b78030,0x00000000f0b80000)
  to   space 17920K, 0% used [0x00000000f0b80000,0x00000000f0b80000,0x00000000f1d00000)
 ParOldGen       total 78336K, used 58900K [0x00000000c0000000, 0x00000000c4c80000, 0x00000000eab00000)
  object space 78336K, 75% used [0x00000000c0000000,0x00000000c3985288,0x00000000c4c80000)
 Metaspace       used 6574K, capacity 7320K, committed 7680K, reserved 1056768K
  class space    used 626K, capacity 656K, committed 768K, reserved 1048576K
}
Event: 4.436 GC heap before
{Heap before GC invocations=13 (full 1):
 PSYoungGen      total 98816K, used 98784K [0x00000000eab00000, 0x00000000f1f80000, 0x0000000100000000)
  eden space 80384K, 100% used [0x00000000eab00000,0x00000000ef980000,0x00000000ef980000)
  from space 18432K, 99% used [0x00000000ef980000,0x00000000f0b78030,0x00000000f0b80000)
  to   space 17920K, 0% used [0x00000000f0b80000,0x00000000f0b80000,0x00000000f1d00000)
 ParOldGen       total 78336K, used 58900K [0x00000000c0000000, 0x00000000c4c80000, 0x00000000eab00000)
  object space 78336K, 75% used [0x00000000c0000000,0x00000000c3985288,0x00000000c4c80000)
 Metaspace       used 6575K, capacity 7320K, committed 7680K, reserved 1056768K
  class space    used 626K, capacity 656K, committed 768K, reserved 1048576K
Event: 4.504 GC heap after
Heap after GC invocations=13 (full 1):
 PSYoungGen      total 98304K, used 17918K [0x00000000eab00000, 0x00000000f1f80000, 0x0000000100000000)
  eden space 80384K, 0% used [0x00000000eab00000,0x00000000eab00000,0x00000000ef980000)
  from space 17920K, 99% used [0x00000000f0b80000,0x00000000f1cffa20,0x00000000f1d00000)
  to   space 18432K, 0% used [0x00000000ef980000,0x00000000ef980000,0x00000000f0b80000)
 ParOldGen       total 78336K, used 71535K [0x00000000c0000000, 0x00000000c4c80000, 0x00000000eab00000)
  object space 78336K, 91% used [0x00000000c0000000,0x00000000c45dbc08,0x00000000c4c80000)
 Metaspace       used 6575K, capacity 7320K, committed 7680K, reserved 1056768K
  class space    used 626K, capacity 656K, committed 768K, reserved 1048576K
}
Event: 4.505 GC heap before
{Heap before GC invocations=14 (full 2):
 PSYoungGen      total 98304K, used 17918K [0x00000000eab00000, 0x00000000f1f80000, 0x0000000100000000)
  eden space 80384K, 0% used [0x00000000eab00000,0x00000000eab00000,0x00000000ef980000)
  from space 17920K, 99% used [0x00000000f0b80000,0x00000000f1cffa20,0x00000000f1d00000)
  to   space 18432K, 0% used [0x00000000ef980000,0x00000000ef980000,0x00000000f0b80000)
 ParOldGen       total 78336K, used 71535K [0x00000000c0000000, 0x00000000c4c80000, 0x00000000eab00000)
  object space 78336K, 91% used [0x00000000c0000000,0x00000000c45dbc08,0x00000000c4c80000)
 Metaspace       used 6575K, capacity 7320K, committed 7680K, reserved 1056768K
  class space    used 626K, capacity 656K, committed 768K, reserved 1048576K
Event: 5.203 GC heap after
Heap after GC invocations=14 (full 2):
 PSYoungGen      total 98304K, used 7112K [0x00000000eab00000, 0x00000000f1f80000, 0x0000000100000000)
  eden space 80384K, 0% used [0x00000000eab00000,0x00000000eab00000,0x00000000ef980000)
  from space 17920K, 39% used [0x00000000f0b80000,0x00000000f1272210,0x00000000f1d00000)
  to   space 18432K, 0% used [0x00000000ef980000,0x00000000ef980000,0x00000000f0b80000)
 ParOldGen       total 78336K, used 78157K [0x00000000c0000000, 0x00000000c4c80000, 0x00000000eab00000)
  object space 78336K, 99% used [0x00000000c0000000,0x00000000c4c534d8,0x00000000c4c80000)
 Metaspace       used 6575K, capacity 7320K, committed 7680K, reserved 1056768K
  class space    used 626K, capacity 656K, committed 768K, reserved 1048576K
}
Event: 5.501 GC heap before
{Heap before GC invocations=15 (full 3):
 PSYoungGen      total 98304K, used 87496K [0x00000000eab00000, 0x00000000f1f80000, 0x0000000100000000)
  eden space 80384K, 100% used [0x00000000eab00000,0x00000000ef980000,0x00000000ef980000)
  from space 17920K, 39% used [0x00000000f0b80000,0x00000000f1272210,0x00000000f1d00000)
  to   space 18432K, 0% used [0x00000000ef980000,0x00000000ef980000,0x00000000f0b80000)
 ParOldGen       total 78336K, used 78157K [0x00000000c0000000, 0x00000000c4c80000, 0x00000000eab00000)
  object space 78336K, 99% used [0x00000000c0000000,0x00000000c4c534d8,0x00000000c4c80000)
 Metaspace       used 6577K, capacity 7320K, committed 7680K, reserved 1056768K
  class space    used 626K, capacity 656K, committed 768K, reserved 1048576K
Event: 5.888 GC heap after
Heap after GC invocations=15 (full 3):
 PSYoungGen      total 98304K, used 18019K [0x00000000eab00000, 0x00000000f1f80000, 0x0000000100000000)
  eden space 80384K, 22% used [0x00000000eab00000,0x00000000ebc98f08,0x00000000ef980000)
  from space 17920K, 0% used [0x00000000f0b80000,0x00000000f0b80000,0x00000000f1d00000)
  to   space 18432K, 0% used [0x00000000ef980000,0x00000000ef980000,0x00000000f0b80000)
 ParOldGen       total 158208K, used 78329K [0x00000000c0000000, 0x00000000c9a80000, 0x00000000eab00000)
  object space 158208K, 49% used [0x00000000c0000000,0x00000000c4c7e6d8,0x00000000c9a80000)
 Metaspace       used 6577K, capacity 7320K, committed 7680K, reserved 1056768K
  class space    used 626K, capacity 656K, committed 768K, reserved 1048576K
}
Event: 6.122 GC heap before
{Heap before GC invocations=16 (full 3):
 PSYoungGen      total 98304K, used 80384K [0x00000000eab00000, 0x00000000f1f80000, 0x0000000100000000)
  eden space 80384K, 100% used [0x00000000eab00000,0x00000000ef980000,0x00000000ef980000)
  from space 17920K, 0% used [0x00000000f0b80000,0x00000000f0b80000,0x00000000f1d00000)
  to   space 18432K, 0% used [0x00000000ef980000,0x00000000ef980000,0x00000000f0b80000)
 ParOldGen       total 158208K, used 78329K [0x00000000c0000000, 0x00000000c9a80000, 0x00000000eab00000)
  object space 158208K, 49% used [0x00000000c0000000,0x00000000c4c7e6d8,0x00000000c9a80000)
 Metaspace       used 6579K, capacity 7320K, committed 7680K, reserved 1056768K
  class space    used 626K, capacity 656K, committed 768K, reserved 1048576K
Event: 6.205 GC heap after
Heap after GC invocations=16 (full 3):
 PSYoungGen      total 98816K, used 18420K [0x00000000eab00000, 0x00000000f1f80000, 0x0000000100000000)
  eden space 80384K, 0% used [0x00000000eab00000,0x00000000eab00000,0x00000000ef980000)
  from space 18432K, 99% used [0x00000000ef980000,0x00000000f0b7d2a0,0x00000000f0b80000)
  to   space 17920K, 0% used [0x00000000f0b80000,0x00000000f0b80000,0x00000000f1d00000)
 ParOldGen       total 158208K, used 86444K [0x00000000c0000000, 0x00000000c9a80000, 0x00000000eab00000)
  object space 158208K, 54% used [0x00000000c0000000,0x00000000c546b330,0x00000000c9a80000)
 Metaspace       used 6579K, capacity 7320K, committed 7680K, reserved 1056768K
  class space    used 626K, capacity 656K, committed 768K, reserved 1048576K
}

Deoptimization events (10 events):
Event: 3.785 Thread 0x0000000016d5a800 Uncommon trap: reason=unstable_if action=reinterpret pc=0x0000000002a9a2c0 method=com.android.dx.rop.code.RegisterSpecSet.<init>(I)V @ 2
Event: 3.786 Thread 0x0000000016d5a800 Uncommon trap: reason=unstable_if action=reinterpret pc=0x00000000029fb65c method=com.android.dx.rop.code.RegisterSpecSet.<init>(I)V @ 2
Event: 3.914 Thread 0x0000000016d5a800 Uncommon trap: reason=bimorphic action=maybe_recompile pc=0x0000000002b93588 method=com.android.dx.cf.code.BytecodeArray.parseInstruction(ILcom/android/dx/cf/code/BytecodeArray$Visitor;)I @ 1357
Event: 3.914 Thread 0x0000000016d5a800 Uncommon trap: reason=bimorphic action=maybe_recompile pc=0x0000000002b93588 method=com.android.dx.cf.code.BytecodeArray.parseInstruction(ILcom/android/dx/cf/code/BytecodeArray$Visitor;)I @ 1357
Event: 3.929 Thread 0x0000000016cde000 Uncommon trap: reason=unstable_if action=reinterpret pc=0x000000000292a58c method=com.android.dx.ssa.MoveParamCombiner$1.visitNonMoveInsn(Lcom/android/dx/ssa/NormalSsaInsn;)V @ 27
Event: 3.967 Thread 0x00000000165f8800 Uncommon trap: reason=bimorphic action=maybe_recompile pc=0x0000000002996588 method=com.android.dx.ssa.LiteralOpUpgrader.tryReplacingWithConstant(Lcom/android/dx/ssa/NormalSsaInsn;)Z @ 62
Event: 3.970 Thread 0x00000000165f8800 Uncommon trap: reason=bimorphic action=maybe_recompile pc=0x0000000002996588 method=com.android.dx.ssa.LiteralOpUpgrader.tryReplacingWithConstant(Lcom/android/dx/ssa/NormalSsaInsn;)Z @ 62
Event: 5.289 Thread 0x0000000016d5a800 Uncommon trap: reason=unstable_if action=reinterpret pc=0x0000000002b48828 method=java.util.HashMap.putVal(ILjava/lang/Object;Ljava/lang/Object;ZZ)Ljava/lang/Object; @ 109
Event: 5.435 Thread 0x00000000165f8800 Uncommon trap: reason=bimorphic action=maybe_recompile pc=0x0000000002befc44 method=com.android.dx.cf.code.BytecodeArray.parseInstruction(ILcom/android/dx/cf/code/BytecodeArray$Visitor;)I @ 2484
Event: 5.435 Thread 0x00000000165f8800 Uncommon trap: reason=bimorphic action=maybe_recompile pc=0x0000000002befc44 method=com.android.dx.cf.code.BytecodeArray.parseInstruction(ILcom/android/dx/cf/code/BytecodeArray$Visitor;)I @ 2484

Internal exceptions (6 events):
Event: 0.028 Thread 0x0000000002250800 Exception <a 'java/lang/NoSuchMethodError': Method sun.misc.Unsafe.defineClass(Ljava/lang/String;[BII)Ljava/lang/Class; name or signature does not match> (0x00000000eab0d660) thrown at [C:\re\workspace\8-2-build-windows-amd64-cygwin\jdk8u66\5298\hotspot\sr/ÅBN©Cœ?
Event: 0.028 Thread 0x0000000002250800 Exception <a 'java/lang/NoSuchMethodError': Method sun.misc.Unsafe.prefetchRead(Ljava/lang/Object;J)V name or signature does not match> (0x00000000eab0d948) thrown at [C:\re\workspace\8-2-build-windows-amd64-cygwin\jdk8u66\5298\hotspot\src\share\vm\prims\j1÷÷Šr¸@
Event: 2.340 Thread 0x0000000016d5a800 Exception <a 'java/lang/ArrayIndexOutOfBoundsException': 18> (0x00000000eaf95c70) thrown at [C:\re\workspace\8-2-build-windows-amd64-cygwin\jdk8u66\5298\hotspot\src\share\vm\interpreter\interpreterRuntime.cpp, line 366]
Event: 2.340 Thread 0x0000000016d5a800 Exception <a 'java/lang/ArrayIndexOutOfBoundsException': 145> (0x00000000eaf977f0) thrown at [C:\re\workspace\8-2-build-windows-amd64-cygwin\jdk8u66\5298\hotspot\src\share\vm\interpreter\interpreterRuntime.cpp, line 366]
Event: 2.341 Thread 0x0000000016d5a800 Exception <a 'java/lang/ArrayIndexOutOfBoundsException'> (0x00000000eaf98ad8) thrown at [C:\re\workspace\8-2-build-windows-amd64-cygwin\jdk8u66\5298\hotspot\src\share\vm\runtime\sharedRuntime.cpp, line 605]
Event: 3.637 Thread 0x0000000016bb0800 Implicit null exception at 0x0000000002940093 to 0x000000000294192d

Events (10 events):
Event: 5.489 Thread 0x0000000002250800 DEOPT PACKING pc=0x00000000029b9e9b sp=0x000000000219e250
Event: 5.489 Thread 0x0000000002250800 DEOPT UNPACKING pc=0x000000000239787f sp=0x000000000219df80 mode 0
Event: 5.501 Executing VM operation: ParallelGCFailedAllocation
Event: 5.888 Executing VM operation: ParallelGCFailedAllocation done
Event: 5.923 Thread 0x0000000002250800 DEOPT PACKING pc=0x0000000002ba71db sp=0x000000000219e080
Event: 5.923 Thread 0x0000000002250800 DEOPT UNPACKING pc=0x000000000239787f sp=0x000000000219de10 mode 0
Event: 6.044 Thread 0x0000000016cde000 DEOPT PACKING pc=0x0000000002635d4c sp=0x000000001842ecc0
Event: 6.044 Thread 0x0000000016cde000 DEOPT UNPACKING pc=0x000000000239787f sp=0x000000001842e9d8 mode 0
Event: 6.122 Executing VM operation: ParallelGCFailedAllocation
Event: 6.206 Executing VM operation: ParallelGCFailedAllocation done


Dynamic libraries:
0x00007ff7b8f80000 - 0x00007ff7b8fb7000 	C:\Program Files\Java\jdk1.8.0_66\bin\java.exe
0x00007ff878ac0000 - 0x00007ff878c81000 	C:\WINDOWS\SYSTEM32\ntdll.dll
0x00007ff8779f0000 - 0x00007ff877a9d000 	C:\WINDOWS\system32\KERNEL32.DLL
0x00007ff875bf0000 - 0x00007ff875dd8000 	C:\WINDOWS\system32\KERNELBASE.dll
0x00007ff8776c0000 - 0x00007ff877767000 	C:\WINDOWS\system32\ADVAPI32.dll
0x00007ff875ec0000 - 0x00007ff875f5d000 	C:\WINDOWS\system32\msvcrt.dll
0x00007ff8782c0000 - 0x00007ff87831b000 	C:\WINDOWS\system32\sechost.dll
0x00007ff8781a0000 - 0x00007ff8782bc000 	C:\WINDOWS\system32\RPCRT4.dll
0x00007ff878960000 - 0x00007ff878ab6000 	C:\WINDOWS\system32\USER32.dll
0x00007ff875f60000 - 0x00007ff8760e6000 	C:\WINDOWS\system32\GDI32.dll
0x00007ff86c1b0000 - 0x00007ff86c424000 	C:\WINDOWS\WinSxS\amd64_microsoft.windows.common-controls_6595b64144ccf1df_6.0.10586.0_none_8c15ae12515e1c22\COMCTL32.dll
0x00007ff877da0000 - 0x00007ff87801d000 	C:\WINDOWS\system32\combase.dll
0x00007ff875220000 - 0x00007ff87528a000 	C:\WINDOWS\system32\bcryptPrimitives.dll
0x00007ff877d60000 - 0x00007ff877d9b000 	C:\WINDOWS\system32\IMM32.DLL
0x00000000535b0000 - 0x0000000053682000 	C:\Program Files\Java\jdk1.8.0_66\jre\bin\msvcr100.dll
0x0000000053b10000 - 0x0000000054399000 	C:\Program Files\Java\jdk1.8.0_66\jre\bin\server\jvm.dll
0x00007ff8784b0000 - 0x00007ff8784b8000 	C:\WINDOWS\system32\PSAPI.DLL
0x00007ff871920000 - 0x00007ff87192a000 	C:\WINDOWS\SYSTEM32\VERSION.dll
0x00007ff873890000 - 0x00007ff8738b3000 	C:\WINDOWS\SYSTEM32\WINMM.dll
0x00007ff86f4f0000 - 0x00007ff86f4f9000 	C:\WINDOWS\SYSTEM32\WSOCK32.dll
0x00007ff8760f0000 - 0x00007ff87615b000 	C:\WINDOWS\system32\WS2_32.dll
0x00007ff873830000 - 0x00007ff87385c000 	C:\WINDOWS\SYSTEM32\WINMMBASE.dll
0x00007ff875de0000 - 0x00007ff875e23000 	C:\WINDOWS\system32\cfgmgr32.dll
0x0000000053a20000 - 0x0000000053a2f000 	C:\Program Files\Java\jdk1.8.0_66\jre\bin\verify.dll
0x00000000539f0000 - 0x0000000053a19000 	C:\Program Files\Java\jdk1.8.0_66\jre\bin\java.dll
0x00000000539d0000 - 0x00000000539e6000 	C:\Program Files\Java\jdk1.8.0_66\jre\bin\zip.dll
0x00007ff876160000 - 0x00007ff8776bf000 	C:\WINDOWS\system32\SHELL32.dll
0x00007ff875520000 - 0x00007ff875b64000 	C:\WINDOWS\system32\windows.storage.dll
0x00007ff8788f0000 - 0x00007ff878942000 	C:\WINDOWS\system32\shlwapi.dll
0x00007ff875160000 - 0x00007ff87516f000 	C:\WINDOWS\system32\kernel.appcore.dll
0x00007ff875460000 - 0x00007ff875515000 	C:\WINDOWS\system32\shcore.dll
0x00007ff8750e0000 - 0x00007ff87512b000 	C:\WINDOWS\system32\powrprof.dll
0x00007ff875130000 - 0x00007ff875144000 	C:\WINDOWS\system32\profapi.dll

VM Arguments:
jvm_args: -Djava.awt.headless=true -Xmx1024M -Dfile.encoding=windows-1252 -Duser.country=SG -Duser.language=en -Duser.variant 
java_command: com.android.dx.command.Main --dex --num-threads=4 --multi-dex --main-dex-list C:\Users\Jackie\AndroidStudioProjects\SGTransit\app\build\intermediates\multi-dex\debug\maindexlist.txt --output C:\Users\Jackie\AndroidStudioProjects\SGTransit\app\build\intermediates\transforms\dex\debug\folders\1000\1f\main C:\Users\Jackie\AndroidStudioProjects\SGTransit\app\build\intermediates\transforms\jarMerging\debug\jars\1\1f\combined.jar
java_class_path (initial): C:\Users\Jackie\AppData\Local\Android\sdk\build-tools\23.0.2\lib\dx.jar
Launcher Type: SUN_STANDARD

Environment Variables:
JAVA_HOME=C:\Program Files\Java\jdk1.8.0_66
PATH=C:\ProgramData\Oracle\Java\javapath;C:\WINDOWS\system32;C:\WINDOWS;C:\WINDOWS\System32\Wbem;C:\WINDOWS\System32\WindowsPowerShell\v1.0\;C:\Program Files (x86)\ATI Technologies\ATI.ACE\Core-Static;C:\Program Files (x86)\Skype\Phone\;c:\Program Files (x86)\Microsoft SQL Server\100\Tools\Binn\;c:\Program Files\Microsoft SQL Server\100\Tools\Binn\;c:\Program Files\Microsoft SQL Server\100\DTS\Binn\;C:\Program Files (x86)\AMD\ATI.ACE\Core-Static;C:\Program Files (x86)\Common Files\Acronis\VirtualFile\;C:\Program Files (x86)\Common Files\Acronis\VirtualFile64\;C:\Program Files (x86)\Common Files\Acronis\SnapAPI\
USERNAME=Jackie
OS=Windows_NT
PROCESSOR_IDENTIFIER=Intel64 Family 6 Model 42 Stepping 7, GenuineIntel



---------------  S Y S T E M  ---------------

OS: Windows 10.0 , 64 bit Build 10586 (10.0.10586.0)

CPU:total 4 (2 cores per cpu, 2 threads per core) family 6 model 42 stepping 7, cmov, cx8, fxsr, mmx, sse, sse2, sse3, ssse3, sse4.1, sse4.2, popcnt, avx, clmul, ht, tsc, tscinvbit

Memory: 4k page, physical 4173920k(244200k free), swap 5222496k(5168k free)

vm_info: Java HotSpot(TM) 64-Bit Server VM (25.66-b18) for windows-amd64 JRE (1.8.0_66-b18), built on Nov  9 2015 10:51:13 by "java_re" with MS VC++ 10.0 (VS2010)

time: Thu Jan 14 21:45:29 2016
elapsed time: 6 seconds (0d 0h 0m 6s)

