#
# There is insufficient memory for the Java Runtime Environment to continue.
# Native memory allocation (malloc) failed to allocate 1781856 bytes for Chunk::new
# Possible reasons:
#   The system is out of physical RAM or swap space
#   In 32 bit mode, the process size limit was hit
# Possible solutions:
#   Reduce memory load on the system
#   Increase physical memory or swap space
#   Check if swap backing store is full
#   Use 64 bit Java on a 64 bit OS
#   Decrease Java heap size (-Xmx/-Xms)
#   Decrease number of Java threads
#   Decrease Java thread stack sizes (-Xss)
#   Set larger code cache with -XX:ReservedCodeCacheSize=
# This output file may be truncated or incomplete.
#
#  Out of Memory Error (allocation.cpp:390), pid=11012, tid=10904
#
# JRE version: Java(TM) SE Runtime Environment (8.0_66-b18) (build 1.8.0_66-b18)
# Java VM: Java HotSpot(TM) 64-Bit Server VM (25.66-b18 mixed mode windows-amd64 compressed oops)
# Failed to write core dump. Minidumps are not enabled by default on client versions of Windows
#

---------------  T H R E A D  ---------------

Current thread (0x0000000014a8a000):  JavaThread "C2 CompilerThread0" daemon [_thread_in_native, id=10904, stack(0x00000000160c0000,0x00000000161c0000)]

Stack: [0x00000000160c0000,0x00000000161c0000]
[error occurred during error reporting (printing stack bounds), id 0xc0000005]

Native frames: (J=compiled Java code, j=interpreted, Vv=VM code, C=native code)


Current CompileTask:
C2:   4284 2108   !   4       com.android.dx.cf.code.BytecodeArray::parseInstruction (2764 bytes)


---------------  P R O C E S S  ---------------

Java Threads: ( => current thread )
  0x0000000017321800 JavaThread "pool-2-thread-4" [_thread_in_Java, id=11116, stack(0x0000000018590000,0x0000000018690000)]
  0x0000000017320800 JavaThread "pool-2-thread-3" [_thread_in_Java, id=11112, stack(0x0000000018490000,0x0000000018590000)]
  0x00000000173f3800 JavaThread "pool-2-thread-2" [_thread_blocked, id=11100, stack(0x0000000018390000,0x0000000018490000)]
  0x00000000173f2800 JavaThread "pool-3-thread-1" [_thread_blocked, id=11104, stack(0x0000000018290000,0x0000000018390000)]
  0x0000000016a4c000 JavaThread "pool-2-thread-1" [_thread_blocked, id=11108, stack(0x0000000018190000,0x0000000018290000)]
  0x00000000163dd800 JavaThread "Service Thread" daemon [_thread_blocked, id=6576, stack(0x00000000167c0000,0x00000000168c0000)]
  0x0000000014a93000 JavaThread "C1 CompilerThread2" daemon [_thread_blocked, id=11076, stack(0x00000000162c0000,0x00000000163c0000)]
  0x0000000014a90000 JavaThread "C2 CompilerThread1" daemon [_thread_in_native, id=11052, stack(0x00000000161c0000,0x00000000162c0000)]
=>0x0000000014a8a000 JavaThread "C2 CompilerThread0" daemon [_thread_in_native, id=10904, stack(0x00000000160c0000,0x00000000161c0000)]
  0x0000000014a88800 JavaThread "Attach Listener" daemon [_thread_blocked, id=10924, stack(0x0000000015fc0000,0x00000000160c0000)]
  0x0000000014a87000 JavaThread "Signal Dispatcher" daemon [_thread_blocked, id=10932, stack(0x0000000015ec0000,0x0000000015fc0000)]
  0x00000000023b6000 JavaThread "Finalizer" daemon [_thread_blocked, id=10928, stack(0x0000000015ce0000,0x0000000015de0000)]
  0x00000000023ad000 JavaThread "Reference Handler" daemon [_thread_blocked, id=10912, stack(0x0000000015be0000,0x0000000015ce0000)]
  0x00000000022c0800 JavaThread "main" [_thread_blocked, id=2220, stack(0x00000000021c0000,0x00000000022c0000)]

Other Threads:
  0x0000000014a57800 VMThread [stack: 0x0000000015ae0000,0x0000000015be0000] [id=10940]
  0x0000000016410800 WatcherThread [stack: 0x00000000168c0000,0x00000000169c0000] [id=2676]

VM state:not at safepoint (normal execution)

VM Mutex/Monitor currently owned by a thread: None

Heap:
 PSYoungGen      total 145408K, used 22957K [0x00000000eab00000, 0x00000000f8800000, 0x0000000100000000)
  eden space 123904K, 2% used [0x00000000eab00000,0x00000000eae534e8,0x00000000f2400000)
  from space 21504K, 90% used [0x00000000f2400000,0x00000000f3718020,0x00000000f3900000)
  to   space 37888K, 0% used [0x00000000f6300000,0x00000000f6300000,0x00000000f8800000)
 ParOldGen       total 97792K, used 65676K [0x00000000c0000000, 0x00000000c5f80000, 0x00000000eab00000)
  object space 97792K, 67% used [0x00000000c0000000,0x00000000c4023080,0x00000000c5f80000)
 Metaspace       used 6568K, capacity 7256K, committed 7424K, reserved 1056768K
  class space    used 625K, capacity 656K, committed 768K, reserved 1048576K

Card table byte_map: [0x0000000011780000,0x0000000011990000] byte_map_base: 0x0000000011180000

Marking Bits: (ParMarkBitMap*) 0x000000005431a5b0
 Begin Bits: [0x0000000011ef0000, 0x0000000012ef0000)
 End Bits:   [0x0000000012ef0000, 0x0000000013ef0000)

Polling page: 0x0000000000520000

CodeCache: size=245760Kb used=8746Kb max_used=8784Kb free=237013Kb
 bounds [0x00000000023c0000, 0x0000000002c60000, 0x00000000113c0000]
 total_blobs=2316 nmethods=2046 adapters=182
 compilation: enabled

Compilation events (10 events):
Event: 4.029 Thread 0x0000000014a93000 2119       2       com.android.dx.rop.code.Rops::opAput (97 bytes)
Event: 4.029 Thread 0x0000000014a93000 nmethod 2119 0x0000000002c36990 code [0x0000000002c36b60, 0x0000000002c370d8]
Event: 4.141 Thread 0x0000000014a93000 2123       2       com.android.dx.ssa.back.FirstFitLocalCombiningAllocator::ssaSetToSpecs (57 bytes)
Event: 4.143 Thread 0x0000000014a93000 nmethod 2123 0x0000000002c373d0 code [0x0000000002c375e0, 0x0000000002c37dd8]
Event: 4.167 Thread 0x0000000014a93000 2124       1       com.android.dx.cf.attrib.AttEnclosingMethod::byteLength (3 bytes)
Event: 4.167 Thread 0x0000000014a93000 nmethod 2124 0x0000000002c387d0 code [0x0000000002c38920, 0x0000000002c38a30]
Event: 4.186 Thread 0x0000000014a8a000 nmethod 1869 0x0000000002c43510 code [0x0000000002c43fa0, 0x0000000002c4ba98]
Event: 4.187 Thread 0x0000000014a8a000 2108   !   4       com.android.dx.cf.code.BytecodeArray::parseInstruction (2764 bytes)
Event: 4.198 Thread 0x0000000014a93000 2127       2       com.android.dx.rop.code.PlainInsn::<init> (13 bytes)
Event: 4.198 Thread 0x0000000014a93000 nmethod 2127 0x0000000002c42810 code [0x0000000002c429c0, 0x0000000002c42e58]

GC Heap History (10 events):
Event: 2.033 GC heap before
{Heap before GC invocations=8 (full 0):
 PSYoungGen      total 75264K, used 75250K [0x00000000eab00000, 0x00000000f4900000, 0x0000000100000000)
  eden space 64512K, 100% used [0x00000000eab00000,0x00000000eea00000,0x00000000eea00000)
  from space 10752K, 99% used [0x00000000eea00000,0x00000000ef47ca78,0x00000000ef480000)
  to   space 16384K, 0% used [0x00000000f3900000,0x00000000f3900000,0x00000000f4900000)
 ParOldGen       total 44032K, used 17337K [0x00000000c0000000, 0x00000000c2b00000, 0x00000000eab00000)
  object space 44032K, 39% used [0x00000000c0000000,0x00000000c10ee778,0x00000000c2b00000)
 Metaspace       used 6443K, capacity 7192K, committed 7424K, reserved 1056768K
  class space    used 625K, capacity 656K, committed 768K, reserved 1048576K
Event: 2.081 GC heap after
Heap after GC invocations=8 (full 0):
 PSYoungGen      total 140288K, used 16352K [0x00000000eab00000, 0x00000000f5300000, 0x0000000100000000)
  eden space 123904K, 0% used [0x00000000eab00000,0x00000000eab00000,0x00000000f2400000)
  from space 16384K, 99% used [0x00000000f3900000,0x00000000f48f8260,0x00000000f4900000)
  to   space 21504K, 0% used [0x00000000f2400000,0x00000000f2400000,0x00000000f3900000)
 ParOldGen       total 44032K, used 21754K [0x00000000c0000000, 0x00000000c2b00000, 0x00000000eab00000)
  object space 44032K, 49% used [0x00000000c0000000,0x00000000c153ea08,0x00000000c2b00000)
 Metaspace       used 6443K, capacity 7192K, committed 7424K, reserved 1056768K
  class space    used 625K, capacity 656K, committed 768K, reserved 1048576K
}
Event: 2.490 GC heap before
{Heap before GC invocations=9 (full 0):
 PSYoungGen      total 140288K, used 140256K [0x00000000eab00000, 0x00000000f5300000, 0x0000000100000000)
  eden space 123904K, 99% used [0x00000000eab00000,0x00000000f23ffff8,0x00000000f2400000)
  from space 16384K, 99% used [0x00000000f3900000,0x00000000f48f8260,0x00000000f4900000)
  to   space 21504K, 0% used [0x00000000f2400000,0x00000000f2400000,0x00000000f3900000)
 ParOldGen       total 44032K, used 21754K [0x00000000c0000000, 0x00000000c2b00000, 0x00000000eab00000)
  object space 44032K, 49% used [0x00000000c0000000,0x00000000c153ea08,0x00000000c2b00000)
 Metaspace       used 6484K, capacity 7256K, committed 7424K, reserved 1056768K
  class space    used 625K, capacity 656K, committed 768K, reserved 1048576K
Event: 2.527 GC heap after
Heap after GC invocations=9 (full 0):
 PSYoungGen      total 145408K, used 21485K [0x00000000eab00000, 0x00000000f5300000, 0x0000000100000000)
  eden space 123904K, 0% used [0x00000000eab00000,0x00000000eab00000,0x00000000f2400000)
  from space 21504K, 99% used [0x00000000f2400000,0x00000000f38fb510,0x00000000f3900000)
  to   space 16384K, 0% used [0x00000000f3900000,0x00000000f3900000,0x00000000f4900000)
 ParOldGen       total 44032K, used 29650K [0x00000000c0000000, 0x00000000c2b00000, 0x00000000eab00000)
  object space 44032K, 67% used [0x00000000c0000000,0x00000000c1cf4928,0x00000000c2b00000)
 Metaspace       used 6484K, capacity 7256K, committed 7424K, reserved 1056768K
  class space    used 625K, capacity 656K, committed 768K, reserved 1048576K
}
Event: 3.096 GC heap before
{Heap before GC invocations=10 (full 0):
 PSYoungGen      total 145408K, used 145389K [0x00000000eab00000, 0x00000000f5300000, 0x0000000100000000)
  eden space 123904K, 100% used [0x00000000eab00000,0x00000000f2400000,0x00000000f2400000)
  from space 21504K, 99% used [0x00000000f2400000,0x00000000f38fb510,0x00000000f3900000)
  to   space 16384K, 0% used [0x00000000f3900000,0x00000000f3900000,0x00000000f4900000)
 ParOldGen       total 44032K, used 29650K [0x00000000c0000000, 0x00000000c2b00000, 0x00000000eab00000)
  object space 44032K, 67% used [0x00000000c0000000,0x00000000c1cf4928,0x00000000c2b00000)
 Metaspace       used 6563K, capacity 7256K, committed 7424K, reserved 1056768K
  class space    used 625K, capacity 656K, committed 768K, reserved 1048576K
Event: 3.184 GC heap after
Heap after GC invocations=10 (full 0):
 PSYoungGen      total 140288K, used 16368K [0x00000000eab00000, 0x00000000f5300000, 0x0000000100000000)
  eden space 123904K, 0% used [0x00000000eab00000,0x00000000eab00000,0x00000000f2400000)
  from space 16384K, 99% used [0x00000000f3900000,0x00000000f48fc020,0x00000000f4900000)
  to   space 21504K, 0% used [0x00000000f2400000,0x00000000f2400000,0x00000000f3900000)
 ParOldGen       total 54784K, used 54450K [0x00000000c0000000, 0x00000000c3580000, 0x00000000eab00000)
  object space 54784K, 99% used [0x00000000c0000000,0x00000000c352cb78,0x00000000c3580000)
 Metaspace       used 6563K, capacity 7256K, committed 7424K, reserved 1056768K
  class space    used 625K, capacity 656K, committed 768K, reserved 1048576K
}
Event: 3.184 GC heap before
{Heap before GC invocations=11 (full 1):
 PSYoungGen      total 140288K, used 16368K [0x00000000eab00000, 0x00000000f5300000, 0x0000000100000000)
  eden space 123904K, 0% used [0x00000000eab00000,0x00000000eab00000,0x00000000f2400000)
  from space 16384K, 99% used [0x00000000f3900000,0x00000000f48fc020,0x00000000f4900000)
  to   space 21504K, 0% used [0x00000000f2400000,0x00000000f2400000,0x00000000f3900000)
 ParOldGen       total 54784K, used 54450K [0x00000000c0000000, 0x00000000c3580000, 0x00000000eab00000)
  object space 54784K, 99% used [0x00000000c0000000,0x00000000c352cb78,0x00000000c3580000)
 Metaspace       used 6563K, capacity 7256K, committed 7424K, reserved 1056768K
  class space    used 625K, capacity 656K, committed 768K, reserved 1048576K
Event: 3.740 GC heap after
Heap after GC invocations=11 (full 1):
 PSYoungGen      total 140288K, used 11184K [0x00000000eab00000, 0x00000000f5300000, 0x0000000100000000)
  eden space 123904K, 0% used [0x00000000eab00000,0x00000000eab00000,0x00000000f2400000)
  from space 16384K, 68% used [0x00000000f3900000,0x00000000f43ec130,0x00000000f4900000)
  to   space 21504K, 0% used [0x00000000f2400000,0x00000000f2400000,0x00000000f3900000)
 ParOldGen       total 97792K, used 54431K [0x00000000c0000000, 0x00000000c5f80000, 0x00000000eab00000)
  object space 97792K, 55% used [0x00000000c0000000,0x00000000c3527d20,0x00000000c5f80000)
 Metaspace       used 6563K, capacity 7256K, committed 7424K, reserved 1056768K
  class space    used 625K, capacity 656K, committed 768K, reserved 1048576K
}
Event: 4.220 GC heap before
{Heap before GC invocations=12 (full 1):
 PSYoungGen      total 140288K, used 135088K [0x00000000eab00000, 0x00000000f5300000, 0x0000000100000000)
  eden space 123904K, 100% used [0x00000000eab00000,0x00000000f2400000,0x00000000f2400000)
  from space 16384K, 68% used [0x00000000f3900000,0x00000000f43ec130,0x00000000f4900000)
  to   space 21504K, 0% used [0x00000000f2400000,0x00000000f2400000,0x00000000f3900000)
 ParOldGen       total 97792K, used 54431K [0x00000000c0000000, 0x00000000c5f80000, 0x00000000eab00000)
  object space 97792K, 55% used [0x00000000c0000000,0x00000000c3527d20,0x00000000c5f80000)
 Metaspace       used 6568K, capacity 7256K, committed 7424K, reserved 1056768K
  class space    used 625K, capacity 656K, committed 768K, reserved 1048576K
Event: 4.276 GC heap after
Heap after GC invocations=12 (full 1):
 PSYoungGen      total 145408K, used 19552K [0x00000000eab00000, 0x00000000f8800000, 0x0000000100000000)
  eden space 123904K, 0% used [0x00000000eab00000,0x00000000eab00000,0x00000000f2400000)
  from space 21504K, 90% used [0x00000000f2400000,0x00000000f3718020,0x00000000f3900000)
  to   space 37888K, 0% used [0x00000000f6300000,0x00000000f6300000,0x00000000f8800000)
 ParOldGen       total 97792K, used 65676K [0x00000000c0000000, 0x00000000c5f80000, 0x00000000eab00000)
  object space 97792K, 67% used [0x00000000c0000000,0x00000000c4023080,0x00000000c5f80000)
 Metaspace       used 6568K, capacity 7256K, committed 7424K, reserved 1056768K
  class space    used 625K, capacity 656K, committed 768K, reserved 1048576K
}

Deoptimization events (10 events):
Event: 2.105 Thread 0x0000000016a4c000 Uncommon trap: reason=unstable_if action=reinterpret pc=0x00000000029e8184 method=java.util.HashMap.getNode(ILjava/lang/Object;)Ljava/util/HashMap$Node; @ 84
Event: 2.751 Thread 0x0000000017320800 Uncommon trap: reason=bimorphic action=maybe_recompile pc=0x0000000002b5a9a8 method=com.android.dx.cf.code.BytecodeArray.parseInstruction(ILcom/android/dx/cf/code/BytecodeArray$Visitor;)I @ 2281
Event: 2.751 Thread 0x0000000017320800 Uncommon trap: reason=bimorphic action=maybe_recompile pc=0x0000000002b5a9a8 method=com.android.dx.cf.code.BytecodeArray.parseInstruction(ILcom/android/dx/cf/code/BytecodeArray$Visitor;)I @ 2281
Event: 2.800 Thread 0x0000000017320800 Uncommon trap: reason=unstable_if action=reinterpret pc=0x0000000002b888cc method=com.android.dx.ssa.SCCP.simulateBranch(Lcom/android/dx/ssa/SsaInsn;)V @ 548
Event: 2.991 Thread 0x0000000016a4c000 Uncommon trap: reason=unstable_if action=reinterpret pc=0x0000000002a8fef0 method=com.android.dx.rop.code.LocalItem.compareHandlesNulls(Lcom/android/dx/rop/cst/CstString;Lcom/android/dx/rop/cst/CstString;)I @ 14
Event: 3.769 Thread 0x00000000173f3800 Uncommon trap: reason=unstable_if action=reinterpret pc=0x0000000002bcfad8 method=com.android.dx.rop.code.RegisterSpecSet.<init>(I)V @ 2
Event: 3.769 Thread 0x00000000173f3800 Uncommon trap: reason=unstable_if action=reinterpret pc=0x00000000029e635c method=com.android.dx.rop.code.RegisterSpecSet.<init>(I)V @ 2
Event: 3.873 Thread 0x0000000016a4c000 Uncommon trap: reason=bimorphic action=maybe_recompile pc=0x0000000002bfbe3c method=com.android.dx.cf.code.BytecodeArray.parseInstruction(ILcom/android/dx/cf/code/BytecodeArray$Visitor;)I @ 1161
Event: 3.873 Thread 0x0000000016a4c000 Uncommon trap: reason=bimorphic action=maybe_recompile pc=0x0000000002bfbe3c method=com.android.dx.cf.code.BytecodeArray.parseInstruction(ILcom/android/dx/cf/code/BytecodeArray$Visitor;)I @ 1161
Event: 3.934 Thread 0x0000000017321800 Uncommon trap: reason=unstable_if action=reinterpret pc=0x0000000002a76614 method=com.android.dx.ssa.MoveParamCombiner$1.visitNonMoveInsn(Lcom/android/dx/ssa/NormalSsaInsn;)V @ 27

Internal exceptions (6 events):
Event: 0.029 Thread 0x00000000022c0800 Exception <a 'java/lang/NoSuchMethodError': Method sun.misc.Unsafe.defineClass(Ljava/lang/String;[BII)Ljava/lang/Class; name or signature does not match> (0x00000000eab0d330) thrown at [C:\re\workspace\8-2-build-windows-amd64-cygwin\jdk8u66\5298\hotspot\sr•’lT?û?
Event: 0.030 Thread 0x00000000022c0800 Exception <a 'java/lang/NoSuchMethodError': Method sun.misc.Unsafe.prefetchRead(Ljava/lang/Object;J)V name or signature does not match> (0x00000000eab0d618) thrown at [C:\re\workspace\8-2-build-windows-amd64-cygwin\jdk8u66\5298\hotspot\src\share\vm\prims\jÖ√ÂEâ
Event: 2.012 Thread 0x0000000017321800 Exception <a 'java/lang/ArrayIndexOutOfBoundsException': 18> (0x00000000ee5f75c0) thrown at [C:\re\workspace\8-2-build-windows-amd64-cygwin\jdk8u66\5298\hotspot\src\share\vm\interpreter\interpreterRuntime.cpp, line 366]
Event: 2.012 Thread 0x0000000017321800 Exception <a 'java/lang/ArrayIndexOutOfBoundsException': 145> (0x00000000ee5f9140) thrown at [C:\re\workspace\8-2-build-windows-amd64-cygwin\jdk8u66\5298\hotspot\src\share\vm\interpreter\interpreterRuntime.cpp, line 366]
Event: 2.013 Thread 0x0000000017321800 Exception <a 'java/lang/ArrayIndexOutOfBoundsException'> (0x00000000ee5fa428) thrown at [C:\re\workspace\8-2-build-windows-amd64-cygwin\jdk8u66\5298\hotspot\src\share\vm\runtime\sharedRuntime.cpp, line 605]
Event: 2.991 Thread 0x0000000016a4c000 Implicit null exception at 0x0000000002a8e7a5 to 0x0000000002a8fec1

Events (10 events):
Event: 3.873 Thread 0x0000000016a4c000 DEOPT UNPACKING pc=0x000000000240582a sp=0x000000001828e558 mode 2
Event: 3.934 Thread 0x0000000017321800 Uncommon trap: trap_request=0xffffff65 fr.pc=0x0000000002a76614
Event: 3.934 Thread 0x0000000017321800 DEOPT PACKING pc=0x0000000002a76614 sp=0x000000001868e610
Event: 3.934 Thread 0x0000000017321800 DEOPT UNPACKING pc=0x000000000240582a sp=0x000000001868e568 mode 2
Event: 3.959 Thread 0x00000000173f3800 DEOPT PACKING pc=0x00000000029c4198 sp=0x000000001848e8b0
Event: 3.959 Thread 0x00000000173f3800 DEOPT UNPACKING pc=0x000000000240787f sp=0x000000001848e630 mode 0
Event: 4.070 Executing VM operation: EnableBiasedLocking
Event: 4.070 Executing VM operation: EnableBiasedLocking done
Event: 4.220 Executing VM operation: ParallelGCFailedAllocation
Event: 4.276 Executing VM operation: ParallelGCFailedAllocation done


Dynamic libraries:
0x00007ff7b8f80000 - 0x00007ff7b8fb7000 	C:\Program Files\Java\jdk1.8.0_66\bin\java.exe
0x00007ff878ac0000 - 0x00007ff878c81000 	C:\WINDOWS\SYSTEM32\ntdll.dll
0x00007ff8779f0000 - 0x00007ff877a9d000 	C:\WINDOWS\system32\KERNEL32.DLL
0x00007ff875bf0000 - 0x00007ff875dd8000 	C:\WINDOWS\system32\KERNELBASE.dll
0x00007ff8776c0000 - 0x00007ff877767000 	C:\WINDOWS\system32\ADVAPI32.dll
0x00007ff875ec0000 - 0x00007ff875f5d000 	C:\WINDOWS\system32\msvcrt.dll
0x00007ff8782c0000 - 0x00007ff87831b000 	C:\WINDOWS\system32\sechost.dll
0x00007ff8781a0000 - 0x00007ff8782bc000 	C:\WINDOWS\system32\RPCRT4.dll
0x00007ff878960000 - 0x00007ff878ab6000 	C:\WINDOWS\system32\USER32.dll
0x00007ff875f60000 - 0x00007ff8760e6000 	C:\WINDOWS\system32\GDI32.dll
0x00007ff86c1b0000 - 0x00007ff86c424000 	C:\WINDOWS\WinSxS\amd64_microsoft.windows.common-controls_6595b64144ccf1df_6.0.10586.0_none_8c15ae12515e1c22\COMCTL32.dll
0x00007ff877da0000 - 0x00007ff87801d000 	C:\WINDOWS\system32\combase.dll
0x00007ff875220000 - 0x00007ff87528a000 	C:\WINDOWS\system32\bcryptPrimitives.dll
0x00007ff877d60000 - 0x00007ff877d9b000 	C:\WINDOWS\system32\IMM32.DLL
0x00000000535b0000 - 0x0000000053682000 	C:\Program Files\Java\jdk1.8.0_66\jre\bin\msvcr100.dll
0x0000000053b10000 - 0x0000000054399000 	C:\Program Files\Java\jdk1.8.0_66\jre\bin\server\jvm.dll
0x00007ff8784b0000 - 0x00007ff8784b8000 	C:\WINDOWS\system32\PSAPI.DLL
0x00007ff86f4f0000 - 0x00007ff86f4f9000 	C:\WINDOWS\SYSTEM32\WSOCK32.dll
0x00007ff873890000 - 0x00007ff8738b3000 	C:\WINDOWS\SYSTEM32\WINMM.dll
0x00007ff871920000 - 0x00007ff87192a000 	C:\WINDOWS\SYSTEM32\VERSION.dll
0x00007ff8760f0000 - 0x00007ff87615b000 	C:\WINDOWS\system32\WS2_32.dll
0x00000000004f0000 - 0x000000000051c000 	C:\WINDOWS\SYSTEM32\WINMMBASE.dll
0x00007ff875de0000 - 0x00007ff875e23000 	C:\WINDOWS\system32\cfgmgr32.dll
0x0000000053a20000 - 0x0000000053a2f000 	C:\Program Files\Java\jdk1.8.0_66\jre\bin\verify.dll
0x00000000539f0000 - 0x0000000053a19000 	C:\Program Files\Java\jdk1.8.0_66\jre\bin\java.dll
0x00000000539d0000 - 0x00000000539e6000 	C:\Program Files\Java\jdk1.8.0_66\jre\bin\zip.dll
0x00007ff876160000 - 0x00007ff8776bf000 	C:\WINDOWS\system32\SHELL32.dll
0x00007ff875520000 - 0x00007ff875b64000 	C:\WINDOWS\system32\windows.storage.dll
0x00007ff8788f0000 - 0x00007ff878942000 	C:\WINDOWS\system32\shlwapi.dll
0x00007ff875160000 - 0x00007ff87516f000 	C:\WINDOWS\system32\kernel.appcore.dll
0x00007ff875460000 - 0x00007ff875515000 	C:\WINDOWS\system32\shcore.dll
0x00007ff8750e0000 - 0x00007ff87512b000 	C:\WINDOWS\system32\powrprof.dll
0x00007ff875130000 - 0x00007ff875144000 	C:\WINDOWS\system32\profapi.dll

VM Arguments:
jvm_args: -Djava.awt.headless=true -Xmx1024M -Dfile.encoding=windows-1252 -Duser.country=SG -Duser.language=en -Duser.variant 
java_command: com.android.dx.command.Main --dex --num-threads=4 --multi-dex --main-dex-list C:\Users\Jackie\AndroidStudioProjects\SGTransit\app\build\intermediates\multi-dex\debug\maindexlist.txt --output C:\Users\Jackie\AndroidStudioProjects\SGTransit\app\build\intermediates\transforms\dex\debug\folders\1000\1f\main C:\Users\Jackie\AndroidStudioProjects\SGTransit\app\build\intermediates\transforms\jarMerging\debug\jars\1\1f\combined.jar
java_class_path (initial): C:\Users\Jackie\AppData\Local\Android\sdk\build-tools\23.0.2\lib\dx.jar
Launcher Type: SUN_STANDARD

Environment Variables:
JAVA_HOME=C:\Program Files\Java\jdk1.8.0_66
PATH=C:\ProgramData\Oracle\Java\javapath;C:\WINDOWS\system32;C:\WINDOWS;C:\WINDOWS\System32\Wbem;C:\WINDOWS\System32\WindowsPowerShell\v1.0\;C:\Program Files (x86)\ATI Technologies\ATI.ACE\Core-Static;C:\Program Files (x86)\Skype\Phone\;c:\Program Files (x86)\Microsoft SQL Server\100\Tools\Binn\;c:\Program Files\Microsoft SQL Server\100\Tools\Binn\;c:\Program Files\Microsoft SQL Server\100\DTS\Binn\;C:\Program Files (x86)\AMD\ATI.ACE\Core-Static;C:\Program Files (x86)\Common Files\Acronis\VirtualFile\;C:\Program Files (x86)\Common Files\Acronis\VirtualFile64\;C:\Program Files (x86)\Common Files\Acronis\SnapAPI\
USERNAME=Jackie
OS=Windows_NT
PROCESSOR_IDENTIFIER=Intel64 Family 6 Model 42 Stepping 7, GenuineIntel



---------------  S Y S T E M  ---------------

OS: Windows 10.0 , 64 bit Build 10586 (10.0.10586.0)

CPU:total 4 (2 cores per cpu, 2 threads per core) family 6 model 42 stepping 7, cmov, cx8, fxsr, mmx, sse, sse2, sse3, ssse3, sse4.1, sse4.2, popcnt, avx, clmul, ht, tsc, tscinvbit

Memory: 4k page, physical 4173920k(268532k free), swap 5222496k(5624k free)

vm_info: Java HotSpot(TM) 64-Bit Server VM (25.66-b18) for windows-amd64 JRE (1.8.0_66-b18), built on Nov  9 2015 10:51:13 by "java_re" with MS VC++ 10.0 (VS2010)

time: Thu Jan 14 21:45:59 2016
elapsed time: 4 seconds (0d 0h 0m 4s)

