#
# There is insufficient memory for the Java Runtime Environment to continue.
# Native memory allocation (malloc) failed to allocate 312336 bytes for Chunk::new
# Possible reasons:
#   The system is out of physical RAM or swap space
#   In 32 bit mode, the process size limit was hit
# Possible solutions:
#   Reduce memory load on the system
#   Increase physical memory or swap space
#   Check if swap backing store is full
#   Use 64 bit Java on a 64 bit OS
#   Decrease Java heap size (-Xmx/-Xms)
#   Decrease number of Java threads
#   Decrease Java thread stack sizes (-Xss)
#   Set larger code cache with -XX:ReservedCodeCacheSize=
# This output file may be truncated or incomplete.
#
#  Out of Memory Error (allocation.cpp:390), pid=7372, tid=4416
#
# JRE version: Java(TM) SE Runtime Environment (8.0_66-b18) (build 1.8.0_66-b18)
# Java VM: Java HotSpot(TM) 64-Bit Server VM (25.66-b18 mixed mode windows-amd64 compressed oops)
# Failed to write core dump. Minidumps are not enabled by default on client versions of Windows
#

---------------  T H R E A D  ---------------

Current thread (0x0000000014a50000):  JavaThread "C2 CompilerThread1" daemon [_thread_in_native, id=4416, stack(0x0000000016180000,0x0000000016280000)]

Stack: [0x0000000016180000,0x0000000016280000]
[error occurred during error reporting (printing stack bounds), id 0xc0000005]

Native frames: (J=compiled Java code, j=interpreted, Vv=VM code, C=native code)


Current CompileTask:
C2:   4665 1779       4       com.android.dx.ssa.back.FirstFitLocalCombiningAllocator::addMapping (76 bytes)


---------------  P R O C E S S  ---------------

Java Threads: ( => current thread )
  0x0000000016609800 JavaThread "pool-1-thread-4" [_thread_blocked, id=5488, stack(0x0000000017580000,0x0000000017680000)]
  0x0000000016609000 JavaThread "pool-1-thread-3" [_thread_blocked, id=5136, stack(0x0000000017480000,0x0000000017580000)]
  0x000000001674e800 JavaThread "pool-1-thread-2" [_thread_blocked, id=7596, stack(0x0000000017380000,0x0000000017480000)]
  0x000000001674c000 JavaThread "pool-2-thread-1" [_thread_blocked, id=5348, stack(0x0000000017280000,0x0000000017380000)]
  0x0000000016709000 JavaThread "pool-1-thread-1" [_thread_blocked, id=2260, stack(0x0000000017180000,0x0000000017280000)]
  0x0000000016383800 JavaThread "Service Thread" daemon [_thread_blocked, id=7932, stack(0x0000000016780000,0x0000000016880000)]
  0x0000000014aac000 JavaThread "C1 CompilerThread2" daemon [_thread_blocked, id=1696, stack(0x0000000016280000,0x0000000016380000)]
=>0x0000000014a50000 JavaThread "C2 CompilerThread1" daemon [_thread_in_native, id=4416, stack(0x0000000016180000,0x0000000016280000)]
  0x0000000014a48800 JavaThread "C2 CompilerThread0" daemon [_thread_in_native, id=6036, stack(0x0000000016080000,0x0000000016180000)]
  0x0000000014a47000 JavaThread "Attach Listener" daemon [_thread_blocked, id=7440, stack(0x0000000015f80000,0x0000000016080000)]
  0x0000000014a45800 JavaThread "Signal Dispatcher" daemon [_thread_blocked, id=7876, stack(0x0000000015e80000,0x0000000015f80000)]
  0x0000000002370800 JavaThread "Finalizer" daemon [_thread_blocked, id=8156, stack(0x0000000015ca0000,0x0000000015da0000)]
  0x000000000236d000 JavaThread "Reference Handler" daemon [_thread_blocked, id=7448, stack(0x0000000015ba0000,0x0000000015ca0000)]
  0x0000000002280800 JavaThread "main" [_thread_blocked, id=5916, stack(0x0000000002180000,0x0000000002280000)]

Other Threads:
  0x0000000014a17800 VMThread [stack: 0x0000000015aa0000,0x0000000015ba0000] [id=7396]
  0x00000000163a0000 WatcherThread [stack: 0x0000000016880000,0x0000000016980000] [id=3276]

VM state:not at safepoint (normal execution)

VM Mutex/Monitor currently owned by a thread: None

Heap:
 PSYoungGen      total 35328K, used 2909K [0x00000000eab00000, 0x00000000efb00000, 0x0000000100000000)
  eden space 32768K, 1% used [0x00000000eab00000,0x00000000eab5f798,0x00000000ecb00000)
  from space 2560K, 98% used [0x00000000ecb00000,0x00000000ecd78018,0x00000000ecd80000)
  to   space 8192K, 0% used [0x00000000ef300000,0x00000000ef300000,0x00000000efb00000)
 ParOldGen       total 44032K, used 13435K [0x00000000c0000000, 0x00000000c2b00000, 0x00000000eab00000)
  object space 44032K, 30% used [0x00000000c0000000,0x00000000c0d1efd8,0x00000000c2b00000)
 Metaspace       used 6376K, capacity 7152K, committed 7296K, reserved 1056768K
  class space    used 602K, capacity 616K, committed 640K, reserved 1048576K

Card table byte_map: [0x0000000011740000,0x0000000011950000] byte_map_base: 0x0000000011140000

Marking Bits: (ParMarkBitMap*) 0x000000005431a5b0
 Begin Bits: [0x0000000011eb0000, 0x0000000012eb0000)
 End Bits:   [0x0000000012eb0000, 0x0000000013eb0000)

Polling page: 0x0000000000520000

CodeCache: size=245760Kb used=7863Kb max_used=7881Kb free=237896Kb
 bounds [0x0000000002380000, 0x0000000002b40000, 0x0000000011380000]
 total_blobs=2061 nmethods=1791 adapters=182
 compilation: enabled

Compilation events (10 events):
Event: 4.541 Thread 0x0000000014a50000 nmethod 1795 0x0000000002b21b90 code [0x0000000002b21ce0, 0x0000000002b21ee8]
Event: 4.541 Thread 0x0000000014a50000 1797       4       com.android.dx.rop.code.SourcePosition::<init> (50 bytes)
Event: 4.542 Thread 0x0000000014a50000 nmethod 1797 0x0000000002b19550 code [0x0000000002b19680, 0x0000000002b19738]
Event: 4.542 Thread 0x0000000014a50000 1790       4       com.android.dx.rop.cst.StdConstantPool::set (123 bytes)
Event: 4.545 Thread 0x0000000014a50000 nmethod 1790 0x0000000002b23390 code [0x0000000002b23500, 0x0000000002b237d8]
Event: 4.545 Thread 0x0000000014a50000 1778       4       com.android.dx.cf.code.BaseMachine::getLocalTarget (151 bytes)
Event: 4.558 Thread 0x0000000014a50000 nmethod 1778 0x0000000002b201d0 code [0x0000000002b203c0, 0x0000000002b20d10]
Event: 4.558 Thread 0x0000000014a50000 1793       4       com.android.dx.dex.code.RopTranslator::outputBlock (202 bytes)
Event: 4.617 Thread 0x0000000014a50000 nmethod 1793 0x0000000002b360d0 code [0x0000000002b36340, 0x0000000002b37d48]
Event: 4.617 Thread 0x0000000014a50000 1779       4       com.android.dx.ssa.back.FirstFitLocalCombiningAllocator::addMapping (76 bytes)

GC Heap History (10 events):
Event: 1.119 GC heap before
{Heap before GC invocations=1 (full 0):
 PSYoungGen      total 18944K, used 16384K [0x00000000eab00000, 0x00000000ec000000, 0x0000000100000000)
  eden space 16384K, 100% used [0x00000000eab00000,0x00000000ebb00000,0x00000000ebb00000)
  from space 2560K, 0% used [0x00000000ebd80000,0x00000000ebd80000,0x00000000ec000000)
  to   space 2560K, 0% used [0x00000000ebb00000,0x00000000ebb00000,0x00000000ebd80000)
 ParOldGen       total 44032K, used 0K [0x00000000c0000000, 0x00000000c2b00000, 0x00000000eab00000)
  object space 44032K, 0% used [0x00000000c0000000,0x00000000c0000000,0x00000000c2b00000)
 Metaspace       used 5570K, capacity 6512K, committed 6784K, reserved 1056768K
  class space    used 589K, capacity 616K, committed 640K, reserved 1048576K
Event: 1.130 GC heap after
Heap after GC invocations=1 (full 0):
 PSYoungGen      total 18944K, used 2532K [0x00000000eab00000, 0x00000000ec000000, 0x0000000100000000)
  eden space 16384K, 0% used [0x00000000eab00000,0x00000000eab00000,0x00000000ebb00000)
  from space 2560K, 98% used [0x00000000ebb00000,0x00000000ebd792f0,0x00000000ebd80000)
  to   space 2560K, 0% used [0x00000000ebd80000,0x00000000ebd80000,0x00000000ec000000)
 ParOldGen       total 44032K, used 767K [0x00000000c0000000, 0x00000000c2b00000, 0x00000000eab00000)
  object space 44032K, 1% used [0x00000000c0000000,0x00000000c00bffe0,0x00000000c2b00000)
 Metaspace       used 5570K, capacity 6512K, committed 6784K, reserved 1056768K
  class space    used 589K, capacity 616K, committed 640K, reserved 1048576K
}
Event: 2.052 GC heap before
{Heap before GC invocations=2 (full 0):
 PSYoungGen      total 18944K, used 18916K [0x00000000eab00000, 0x00000000ec000000, 0x0000000100000000)
  eden space 16384K, 100% used [0x00000000eab00000,0x00000000ebb00000,0x00000000ebb00000)
  from space 2560K, 98% used [0x00000000ebb00000,0x00000000ebd792f0,0x00000000ebd80000)
  to   space 2560K, 0% used [0x00000000ebd80000,0x00000000ebd80000,0x00000000ec000000)
 ParOldGen       total 44032K, used 767K [0x00000000c0000000, 0x00000000c2b00000, 0x00000000eab00000)
  object space 44032K, 1% used [0x00000000c0000000,0x00000000c00bffe0,0x00000000c2b00000)
 Metaspace       used 6066K, capacity 6960K, committed 7040K, reserved 1056768K
  class space    used 595K, capacity 616K, committed 640K, reserved 1048576K
Event: 2.094 GC heap after
Heap after GC invocations=2 (full 0):
 PSYoungGen      total 18944K, used 2528K [0x00000000eab00000, 0x00000000ed000000, 0x0000000100000000)
  eden space 16384K, 0% used [0x00000000eab00000,0x00000000eab00000,0x00000000ebb00000)
  from space 2560K, 98% used [0x00000000ebd80000,0x00000000ebff8018,0x00000000ec000000)
  to   space 2560K, 0% used [0x00000000ebb00000,0x00000000ebb00000,0x00000000ebd80000)
 ParOldGen       total 44032K, used 2676K [0x00000000c0000000, 0x00000000c2b00000, 0x00000000eab00000)
  object space 44032K, 6% used [0x00000000c0000000,0x00000000c029d1f8,0x00000000c2b00000)
 Metaspace       used 6066K, capacity 6960K, committed 7040K, reserved 1056768K
  class space    used 595K, capacity 616K, committed 640K, reserved 1048576K
}
Event: 2.616 GC heap before
{Heap before GC invocations=3 (full 0):
 PSYoungGen      total 18944K, used 18912K [0x00000000eab00000, 0x00000000ed000000, 0x0000000100000000)
  eden space 16384K, 100% used [0x00000000eab00000,0x00000000ebb00000,0x00000000ebb00000)
  from space 2560K, 98% used [0x00000000ebd80000,0x00000000ebff8018,0x00000000ec000000)
  to   space 2560K, 0% used [0x00000000ebb00000,0x00000000ebb00000,0x00000000ebd80000)
 ParOldGen       total 44032K, used 2676K [0x00000000c0000000, 0x00000000c2b00000, 0x00000000eab00000)
  object space 44032K, 6% used [0x00000000c0000000,0x00000000c029d1f8,0x00000000c2b00000)
 Metaspace       used 6179K, capacity 7024K, committed 7296K, reserved 1056768K
  class space    used 600K, capacity 616K, committed 640K, reserved 1048576K
Event: 2.772 GC heap after
Heap after GC invocations=3 (full 0):
 PSYoungGen      total 18944K, used 2528K [0x00000000eab00000, 0x00000000ed000000, 0x0000000100000000)
  eden space 16384K, 0% used [0x00000000eab00000,0x00000000eab00000,0x00000000ebb00000)
  from space 2560K, 98% used [0x00000000ebb00000,0x00000000ebd78018,0x00000000ebd80000)
  to   space 2560K, 0% used [0x00000000ecd80000,0x00000000ecd80000,0x00000000ed000000)
 ParOldGen       total 44032K, used 5226K [0x00000000c0000000, 0x00000000c2b00000, 0x00000000eab00000)
  object space 44032K, 11% used [0x00000000c0000000,0x00000000c051aa10,0x00000000c2b00000)
 Metaspace       used 6179K, capacity 7024K, committed 7296K, reserved 1056768K
  class space    used 600K, capacity 616K, committed 640K, reserved 1048576K
}
Event: 3.139 GC heap before
{Heap before GC invocations=4 (full 0):
 PSYoungGen      total 18944K, used 18912K [0x00000000eab00000, 0x00000000ed000000, 0x0000000100000000)
  eden space 16384K, 100% used [0x00000000eab00000,0x00000000ebb00000,0x00000000ebb00000)
  from space 2560K, 98% used [0x00000000ebb00000,0x00000000ebd78018,0x00000000ebd80000)
  to   space 2560K, 0% used [0x00000000ecd80000,0x00000000ecd80000,0x00000000ed000000)
 ParOldGen       total 44032K, used 5226K [0x00000000c0000000, 0x00000000c2b00000, 0x00000000eab00000)
  object space 44032K, 11% used [0x00000000c0000000,0x00000000c051aa10,0x00000000c2b00000)
 Metaspace       used 6275K, capacity 7088K, committed 7296K, reserved 1056768K
  class space    used 600K, capacity 616K, committed 640K, reserved 1048576K
Event: 3.197 GC heap after
Heap after GC invocations=4 (full 0):
 PSYoungGen      total 35328K, used 2544K [0x00000000eab00000, 0x00000000ed000000, 0x0000000100000000)
  eden space 32768K, 0% used [0x00000000eab00000,0x00000000eab00000,0x00000000ecb00000)
  from space 2560K, 99% used [0x00000000ecd80000,0x00000000ecffc028,0x00000000ed000000)
  to   space 2560K, 0% used [0x00000000ecb00000,0x00000000ecb00000,0x00000000ecd80000)
 ParOldGen       total 44032K, used 7971K [0x00000000c0000000, 0x00000000c2b00000, 0x00000000eab00000)
  object space 44032K, 18% used [0x00000000c0000000,0x00000000c07c8fb0,0x00000000c2b00000)
 Metaspace       used 6275K, capacity 7088K, committed 7296K, reserved 1056768K
  class space    used 600K, capacity 616K, committed 640K, reserved 1048576K
}
Event: 4.464 GC heap before
{Heap before GC invocations=5 (full 0):
 PSYoungGen      total 35328K, used 35312K [0x00000000eab00000, 0x00000000ed000000, 0x0000000100000000)
  eden space 32768K, 100% used [0x00000000eab00000,0x00000000ecb00000,0x00000000ecb00000)
  from space 2560K, 99% used [0x00000000ecd80000,0x00000000ecffc028,0x00000000ed000000)
  to   space 2560K, 0% used [0x00000000ecb00000,0x00000000ecb00000,0x00000000ecd80000)
 ParOldGen       total 44032K, used 7971K [0x00000000c0000000, 0x00000000c2b00000, 0x00000000eab00000)
  object space 44032K, 18% used [0x00000000c0000000,0x00000000c07c8fb0,0x00000000c2b00000)
 Metaspace       used 6376K, capacity 7152K, committed 7296K, reserved 1056768K
  class space    used 602K, capacity 616K, committed 640K, reserved 1048576K
Event: 4.502 GC heap after
Heap after GC invocations=5 (full 0):
 PSYoungGen      total 35328K, used 2528K [0x00000000eab00000, 0x00000000efb00000, 0x0000000100000000)
  eden space 32768K, 0% used [0x00000000eab00000,0x00000000eab00000,0x00000000ecb00000)
  from space 2560K, 98% used [0x00000000ecb00000,0x00000000ecd78018,0x00000000ecd80000)
  to   space 8192K, 0% used [0x00000000ef300000,0x00000000ef300000,0x00000000efb00000)
 ParOldGen       total 44032K, used 13435K [0x00000000c0000000, 0x00000000c2b00000, 0x00000000eab00000)
  object space 44032K, 30% used [0x00000000c0000000,0x00000000c0d1efd8,0x00000000c2b00000)
 Metaspace       used 6376K, capacity 7152K, committed 7296K, reserved 1056768K
  class space    used 602K, capacity 616K, committed 640K, reserved 1048576K
}

Deoptimization events (10 events):
Event: 1.163 Thread 0x0000000002280800 Uncommon trap: reason=unstable_if action=reinterpret pc=0x00000000025cd41c method=java.util.HashMap.getNode(ILjava/lang/Object;)Ljava/util/HashMap$Node; @ 129
Event: 1.620 Thread 0x0000000016609800 Uncommon trap: reason=unstable_if action=reinterpret pc=0x000000000272be9c method=com.android.dx.rop.cst.Constant.compareTo(Lcom/android/dx/rop/cst/Constant;)I @ 12
Event: 2.806 Thread 0x0000000016709000 Uncommon trap: reason=unstable_if action=reinterpret pc=0x00000000028c0f6c method=com.android.dx.ssa.SCCP.simulateStmt(Lcom/android/dx/ssa/SsaInsn;)V @ 53
Event: 2.899 Thread 0x0000000002280800 Uncommon trap: reason=unstable_if action=reinterpret pc=0x000000000289b9b8 method=com.android.dx.rop.cst.StdConstantPool.set(ILcom/android/dx/rop/cst/Constant;)V @ 12
Event: 3.238 Thread 0x000000001674e800 Uncommon trap: reason=bimorphic action=maybe_recompile pc=0x0000000002939bf0 method=com.android.dx.rop.code.RegisterSpec.withSimpleType()Lcom/android/dx/rop/code/RegisterSpec; @ 21
Event: 3.268 Thread 0x0000000016609000 Uncommon trap: reason=unstable_if action=reinterpret pc=0x00000000027a2904 method=com.android.dx.rop.code.RegisterSpecSet.<init>(I)V @ 2
Event: 3.553 Thread 0x000000001674e800 Uncommon trap: reason=unstable_if action=reinterpret pc=0x0000000002a6bec4 method=com.android.dx.rop.code.RegisterSpecSet.<init>(I)V @ 2
Event: 3.957 Thread 0x000000001674e800 Uncommon trap: reason=unstable_if action=reinterpret pc=0x0000000002a04d68 method=com.android.dx.ssa.SCCP.simulateBranch(Lcom/android/dx/ssa/SsaInsn;)V @ 64
Event: 3.961 Thread 0x000000001674e800 Uncommon trap: reason=unloaded action=reinterpret pc=0x0000000002922dbc method=com.android.dx.ssa.LiteralOpUpgrader$1.visitNonMoveInsn(Lcom/android/dx/ssa/NormalSsaInsn;)V @ 72
Event: 3.962 Thread 0x000000001674e800 Uncommon trap: reason=unstable_if action=reinterpret pc=0x00000000027a995c method=com.android.dx.ssa.SsaMethod.updateOneDefinition(Lcom/android/dx/ssa/SsaInsn;Lcom/android/dx/rop/code/RegisterSpec;)V @ 4

Internal exceptions (2 events):
Event: 0.045 Thread 0x0000000002280800 Exception <a 'java/lang/NoSuchMethodError': Method sun.misc.Unsafe.defineClass(Ljava/lang/String;[BII)Ljava/lang/Class; name or signature does not match> (0x00000000eab0d5f0) thrown at [C:\re\workspace\8-2-build-windows-amd64-cygwin\jdk8u66\5298\hotspot\srØÐb¿ù¦?
Event: 0.045 Thread 0x0000000002280800 Exception <a 'java/lang/NoSuchMethodError': Method sun.misc.Unsafe.prefetchRead(Ljava/lang/Object;J)V name or signature does not match> (0x00000000eab0d8d8) thrown at [C:\re\workspace\8-2-build-windows-amd64-cygwin\jdk8u66\5298\hotspot\src\share\vm\prims\j

Events (10 events):
Event: 4.098 loading class com/android/dx/cf/attrib/AttRuntimeInvisibleAnnotations
Event: 4.098 loading class com/android/dx/cf/attrib/AttRuntimeInvisibleAnnotations done
Event: 4.099 loading class com/android/dx/cf/attrib/BaseAnnotations
Event: 4.099 loading class com/android/dx/cf/attrib/BaseAnnotations done
Event: 4.175 Executing VM operation: EnableBiasedLocking
Event: 4.187 Executing VM operation: EnableBiasedLocking done
Event: 4.330 Thread 0x0000000016609000 DEOPT PACKING pc=0x000000000287617d sp=0x000000001757e970
Event: 4.330 Thread 0x0000000016609000 DEOPT UNPACKING pc=0x00000000023c787f sp=0x000000001757e6a8 mode 0
Event: 4.464 Executing VM operation: ParallelGCFailedAllocation
Event: 4.502 Executing VM operation: ParallelGCFailedAllocation done


Dynamic libraries:
0x00007ff7b8f80000 - 0x00007ff7b8fb7000 	C:\Program Files\Java\jdk1.8.0_66\bin\java.exe
0x00007ff878ac0000 - 0x00007ff878c81000 	C:\WINDOWS\SYSTEM32\ntdll.dll
0x00007ff8779f0000 - 0x00007ff877a9d000 	C:\WINDOWS\system32\KERNEL32.DLL
0x00007ff875bf0000 - 0x00007ff875dd8000 	C:\WINDOWS\system32\KERNELBASE.dll
0x00007ff8776c0000 - 0x00007ff877767000 	C:\WINDOWS\system32\ADVAPI32.dll
0x00007ff875ec0000 - 0x00007ff875f5d000 	C:\WINDOWS\system32\msvcrt.dll
0x00007ff8782c0000 - 0x00007ff87831b000 	C:\WINDOWS\system32\sechost.dll
0x00007ff8781a0000 - 0x00007ff8782bc000 	C:\WINDOWS\system32\RPCRT4.dll
0x00007ff878960000 - 0x00007ff878ab6000 	C:\WINDOWS\system32\USER32.dll
0x00007ff875f60000 - 0x00007ff8760e6000 	C:\WINDOWS\system32\GDI32.dll
0x00007ff86c1b0000 - 0x00007ff86c424000 	C:\WINDOWS\WinSxS\amd64_microsoft.windows.common-controls_6595b64144ccf1df_6.0.10586.0_none_8c15ae12515e1c22\COMCTL32.dll
0x00007ff877da0000 - 0x00007ff87801d000 	C:\WINDOWS\system32\combase.dll
0x00007ff875220000 - 0x00007ff87528a000 	C:\WINDOWS\system32\bcryptPrimitives.dll
0x00007ff877d60000 - 0x00007ff877d9b000 	C:\WINDOWS\system32\IMM32.DLL
0x00000000535b0000 - 0x0000000053682000 	C:\Program Files\Java\jdk1.8.0_66\jre\bin\msvcr100.dll
0x0000000053b10000 - 0x0000000054399000 	C:\Program Files\Java\jdk1.8.0_66\jre\bin\server\jvm.dll
0x00007ff8784b0000 - 0x00007ff8784b8000 	C:\WINDOWS\system32\PSAPI.DLL
0x00007ff873740000 - 0x00007ff873749000 	C:\WINDOWS\SYSTEM32\WSOCK32.dll
0x00007ff873890000 - 0x00007ff8738b3000 	C:\WINDOWS\SYSTEM32\WINMM.dll
0x00007ff871920000 - 0x00007ff87192a000 	C:\WINDOWS\SYSTEM32\VERSION.dll
0x00007ff873830000 - 0x00007ff87385c000 	C:\WINDOWS\SYSTEM32\WINMMBASE.dll
0x00007ff875de0000 - 0x00007ff875e23000 	C:\WINDOWS\system32\cfgmgr32.dll
0x00007ff8760f0000 - 0x00007ff87615b000 	C:\WINDOWS\system32\WS2_32.dll
0x0000000053a20000 - 0x0000000053a2f000 	C:\Program Files\Java\jdk1.8.0_66\jre\bin\verify.dll
0x00000000539f0000 - 0x0000000053a19000 	C:\Program Files\Java\jdk1.8.0_66\jre\bin\java.dll
0x00000000539d0000 - 0x00000000539e6000 	C:\Program Files\Java\jdk1.8.0_66\jre\bin\zip.dll
0x00007ff876160000 - 0x00007ff8776bf000 	C:\WINDOWS\system32\SHELL32.dll
0x00007ff875520000 - 0x00007ff875b64000 	C:\WINDOWS\system32\windows.storage.dll
0x00007ff8788f0000 - 0x00007ff878942000 	C:\WINDOWS\system32\shlwapi.dll
0x00007ff875160000 - 0x00007ff87516f000 	C:\WINDOWS\system32\kernel.appcore.dll
0x00007ff875460000 - 0x00007ff875515000 	C:\WINDOWS\system32\shcore.dll
0x00007ff8750e0000 - 0x00007ff87512b000 	C:\WINDOWS\system32\powrprof.dll
0x00007ff875130000 - 0x00007ff875144000 	C:\WINDOWS\system32\profapi.dll

VM Arguments:
jvm_args: -Djava.awt.headless=true -Xmx1024M -Dfile.encoding=windows-1252 -Duser.country=SG -Duser.language=en -Duser.variant 
java_command: com.android.dx.command.Main --dex --num-threads=4 --output C:\Users\Jackie\AndroidStudioProjects\SGTransit\app\build\intermediates\pre-dexed\debug\internal_impl-23.1.1_f4444bfa2c55a219ee61ebb1dc5da7156bb06a91.jar C:\Users\Jackie\AndroidStudioProjects\SGTransit\app\build\intermediates\exploded-aar\com.android.support\support-v4\23.1.1\jars\libs\internal_impl-23.1.1.jar
java_class_path (initial): C:\Users\Jackie\AppData\Local\Android\sdk\build-tools\23.0.2\lib\dx.jar
Launcher Type: SUN_STANDARD

Environment Variables:
JAVA_HOME=C:\Program Files\Java\jdk1.8.0_66
PATH=C:\ProgramData\Oracle\Java\javapath;C:\WINDOWS\system32;C:\WINDOWS;C:\WINDOWS\System32\Wbem;C:\WINDOWS\System32\WindowsPowerShell\v1.0\;C:\Program Files (x86)\ATI Technologies\ATI.ACE\Core-Static;C:\Program Files (x86)\Skype\Phone\;c:\Program Files (x86)\Microsoft SQL Server\100\Tools\Binn\;c:\Program Files\Microsoft SQL Server\100\Tools\Binn\;c:\Program Files\Microsoft SQL Server\100\DTS\Binn\;C:\Program Files (x86)\AMD\ATI.ACE\Core-Static;C:\Program Files (x86)\Common Files\Acronis\VirtualFile\;C:\Program Files (x86)\Common Files\Acronis\VirtualFile64\;C:\Program Files (x86)\Common Files\Acronis\SnapAPI\
USERNAME=Jackie
OS=Windows_NT
PROCESSOR_IDENTIFIER=Intel64 Family 6 Model 42 Stepping 7, GenuineIntel



---------------  S Y S T E M  ---------------

OS: Windows 10.0 , 64 bit Build 10586 (10.0.10586.0)

CPU:total 4 (2 cores per cpu, 2 threads per core) family 6 model 42 stepping 7, cmov, cx8, fxsr, mmx, sse, sse2, sse3, ssse3, sse4.1, sse4.2, popcnt, avx, clmul, ht, tsc, tscinvbit

Memory: 4k page, physical 4173920k(252772k free), swap 5222496k(5308k free)

vm_info: Java HotSpot(TM) 64-Bit Server VM (25.66-b18) for windows-amd64 JRE (1.8.0_66-b18), built on Nov  9 2015 10:51:13 by "java_re" with MS VC++ 10.0 (VS2010)

time: Thu Jan 14 20:34:10 2016
elapsed time: 4 seconds (0d 0h 0m 4s)

