#
# There is insufficient memory for the Java Runtime Environment to continue.
# Native memory allocation (malloc) failed to allocate 1693376 bytes for Chunk::new
# Possible reasons:
#   The system is out of physical RAM or swap space
#   In 32 bit mode, the process size limit was hit
# Possible solutions:
#   Reduce memory load on the system
#   Increase physical memory or swap space
#   Check if swap backing store is full
#   Use 64 bit Java on a 64 bit OS
#   Decrease Java heap size (-Xmx/-Xms)
#   Decrease number of Java threads
#   Decrease Java thread stack sizes (-Xss)
#   Set larger code cache with -XX:ReservedCodeCacheSize=
# This output file may be truncated or incomplete.
#
#  Out of Memory Error (allocation.cpp:390), pid=3888, tid=2236
#
# JRE version: Java(TM) SE Runtime Environment (8.0_66-b18) (build 1.8.0_66-b18)
# Java VM: Java HotSpot(TM) 64-Bit Server VM (25.66-b18 mixed mode windows-amd64 compressed oops)
# Failed to write core dump. Minidumps are not enabled by default on client versions of Windows
#

---------------  T H R E A D  ---------------

Current thread (0x0000000014a9e000):  JavaThread "C2 CompilerThread1" daemon [_thread_in_native, id=2236, stack(0x00000000161f0000,0x00000000162f0000)]

Stack: [0x00000000161f0000,0x00000000162f0000]
[error occurred during error reporting (printing stack bounds), id 0xc0000005]

Native frames: (J=compiled Java code, j=interpreted, Vv=VM code, C=native code)


Current CompileTask:
C2:   3130 2004   !   4       com.android.dx.cf.code.Ropper::processBlock (1101 bytes)


---------------  P R O C E S S  ---------------

Java Threads: ( => current thread )
  0x0000000017249800 JavaThread "pool-2-thread-4" [_thread_blocked, id=2036, stack(0x00000000185c0000,0x00000000186c0000)]
  0x0000000017002800 JavaThread "pool-2-thread-3" [_thread_blocked, id=2524, stack(0x00000000184c0000,0x00000000185c0000)]
  0x0000000016e73800 JavaThread "pool-2-thread-2" [_thread_in_Java, id=7764, stack(0x00000000183c0000,0x00000000184c0000)]
  0x00000000167ca000 JavaThread "pool-3-thread-1" [_thread_blocked, id=6668, stack(0x00000000182c0000,0x00000000183c0000)]
  0x00000000171f0800 JavaThread "pool-2-thread-1" [_thread_in_Java, id=6628, stack(0x00000000181c0000,0x00000000182c0000)]
  0x0000000016417000 JavaThread "Service Thread" daemon [_thread_blocked, id=1928, stack(0x00000000167f0000,0x00000000168f0000)]
  0x0000000014aa7800 JavaThread "C1 CompilerThread2" daemon [_thread_blocked, id=6916, stack(0x00000000162f0000,0x00000000163f0000)]
=>0x0000000014a9e000 JavaThread "C2 CompilerThread1" daemon [_thread_in_native, id=2236, stack(0x00000000161f0000,0x00000000162f0000)]
  0x0000000014a9a800 JavaThread "C2 CompilerThread0" daemon [_thread_in_native, id=584, stack(0x00000000160f0000,0x00000000161f0000)]
  0x0000000014a99000 JavaThread "Attach Listener" daemon [_thread_blocked, id=5540, stack(0x0000000015ff0000,0x00000000160f0000)]
  0x0000000014a98000 JavaThread "Signal Dispatcher" daemon [_thread_blocked, id=7128, stack(0x0000000015ef0000,0x0000000015ff0000)]
  0x00000000023c8800 JavaThread "Finalizer" daemon [_thread_blocked, id=4872, stack(0x0000000015d10000,0x0000000015e10000)]
  0x00000000023bf000 JavaThread "Reference Handler" daemon [_thread_blocked, id=7352, stack(0x0000000015c10000,0x0000000015d10000)]
  0x00000000022d0800 JavaThread "main" [_thread_in_Java, id=7016, stack(0x0000000002180000,0x0000000002280000)]

Other Threads:
  0x0000000014a67800 VMThread [stack: 0x0000000015b10000,0x0000000015c10000] [id=8100]
  0x000000001643c800 WatcherThread [stack: 0x00000000168f0000,0x00000000169f0000] [id=7604]

VM state:not at safepoint (normal execution)

VM Mutex/Monitor currently owned by a thread: None

Heap:
 PSYoungGen      total 127488K, used 89727K [0x00000000eab00000, 0x00000000f4000000, 0x0000000100000000)
  eden space 103424K, 83% used [0x00000000eab00000,0x00000000eff58178,0x00000000f1000000)
  from space 24064K, 13% used [0x00000000f2880000,0x00000000f2bc7d60,0x00000000f4000000)
  to   space 24576K, 0% used [0x00000000f1000000,0x00000000f1000000,0x00000000f2800000)
 ParOldGen       total 80384K, used 43605K [0x00000000c0000000, 0x00000000c4e80000, 0x00000000eab00000)
  object space 80384K, 54% used [0x00000000c0000000,0x00000000c2a95438,0x00000000c4e80000)
 Metaspace       used 6555K, capacity 7256K, committed 7424K, reserved 1056768K
  class space    used 625K, capacity 656K, committed 768K, reserved 1048576K

Card table byte_map: [0x0000000011790000,0x00000000119a0000] byte_map_base: 0x0000000011190000

Marking Bits: (ParMarkBitMap*) 0x000000005431a5b0
 Begin Bits: [0x0000000011f00000, 0x0000000012f00000)
 End Bits:   [0x0000000012f00000, 0x0000000013f00000)

Polling page: 0x0000000000910000

CodeCache: size=245760Kb used=8052Kb max_used=8052Kb free=237707Kb
 bounds [0x00000000023d0000, 0x0000000002bc0000, 0x00000000113d0000]
 total_blobs=2277 nmethods=2007 adapters=182
 compilation: enabled

Compilation events (10 events):
Event: 3.064 Thread 0x0000000014aa7800 2067       2       java.util.concurrent.locks.AbstractQueuedSynchronizer$Node::<init> (15 bytes)
Event: 3.064 Thread 0x0000000014aa7800 nmethod 2067 0x0000000002bb3910 code [0x0000000002bb3a60, 0x0000000002bb3bd0]
Event: 3.065 Thread 0x0000000014aa7800 2068       2       java.util.concurrent.locks.AbstractQueuedSynchronizer::transferForSignal (45 bytes)
Event: 3.066 Thread 0x0000000014aa7800 nmethod 2068 0x0000000002bb3c50 code [0x0000000002bb3dc0, 0x0000000002bb4018]
Event: 3.085 Thread 0x0000000014aa7800 2069       2       sun.util.calendar.AbstractCalendar::getTime (174 bytes)
Event: 3.086 Thread 0x0000000014aa7800 nmethod 2069 0x0000000002bb4150 code [0x0000000002bb4340, 0x0000000002bb4928]
Event: 3.086 Thread 0x0000000014aa7800 2070       2       com.android.dx.dex.file.AnnotationUtils::makeInnerClass (65 bytes)
Event: 3.087 Thread 0x0000000014aa7800 nmethod 2070 0x0000000002bb4d10 code [0x0000000002bb4f00, 0x0000000002bb5418]
Event: 3.109 Thread 0x0000000014aa7800 2072       2       com.android.dx.cf.code.SwitchList::getTarget (9 bytes)
Event: 3.109 Thread 0x0000000014aa7800 nmethod 2072 0x0000000002bb5890 code [0x0000000002bb5a00, 0x0000000002bb5b68]

GC Heap History (10 events):
Event: 1.572 GC heap before
{Heap before GC invocations=7 (full 0):
 PSYoungGen      total 74240K, used 71999K [0x00000000eab00000, 0x00000000f0000000, 0x0000000100000000)
  eden space 64512K, 100% used [0x00000000eab00000,0x00000000eea00000,0x00000000eea00000)
  from space 9728K, 76% used [0x00000000ef480000,0x00000000efbcff48,0x00000000efe00000)
  to   space 10752K, 0% used [0x00000000eea00000,0x00000000eea00000,0x00000000ef480000)
 ParOldGen       total 44032K, used 11090K [0x00000000c0000000, 0x00000000c2b00000, 0x00000000eab00000)
  object space 44032K, 25% used [0x00000000c0000000,0x00000000c0ad4a50,0x00000000c2b00000)
 Metaspace       used 6310K, capacity 7152K, committed 7296K, reserved 1056768K
  class space    used 604K, capacity 616K, committed 640K, reserved 1048576K
Event: 1.600 GC heap after
Heap after GC invocations=7 (full 0):
 PSYoungGen      total 75264K, used 10726K [0x00000000eab00000, 0x00000000f4800000, 0x0000000100000000)
  eden space 64512K, 0% used [0x00000000eab00000,0x00000000eab00000,0x00000000eea00000)
  from space 10752K, 99% used [0x00000000eea00000,0x00000000ef479940,0x00000000ef480000)
  to   space 15872K, 0% used [0x00000000f3880000,0x00000000f3880000,0x00000000f4800000)
 ParOldGen       total 44032K, used 17061K [0x00000000c0000000, 0x00000000c2b00000, 0x00000000eab00000)
  object space 44032K, 38% used [0x00000000c0000000,0x00000000c10a9508,0x00000000c2b00000)
 Metaspace       used 6310K, capacity 7152K, committed 7296K, reserved 1056768K
  class space    used 604K, capacity 616K, committed 640K, reserved 1048576K
}
Event: 1.908 GC heap before
{Heap before GC invocations=8 (full 0):
 PSYoungGen      total 75264K, used 75218K [0x00000000eab00000, 0x00000000f4800000, 0x0000000100000000)
  eden space 64512K, 99% used [0x00000000eab00000,0x00000000ee9fb198,0x00000000eea00000)
  from space 10752K, 99% used [0x00000000eea00000,0x00000000ef479940,0x00000000ef480000)
  to   space 15872K, 0% used [0x00000000f3880000,0x00000000f3880000,0x00000000f4800000)
 ParOldGen       total 44032K, used 17061K [0x00000000c0000000, 0x00000000c2b00000, 0x00000000eab00000)
  object space 44032K, 38% used [0x00000000c0000000,0x00000000c10a9508,0x00000000c2b00000)
 Metaspace       used 6448K, capacity 7192K, committed 7424K, reserved 1056768K
  class space    used 625K, capacity 656K, committed 768K, reserved 1048576K
Event: 1.946 GC heap after
Heap after GC invocations=8 (full 0):
 PSYoungGen      total 80384K, used 15847K [0x00000000eab00000, 0x00000000f4800000, 0x0000000100000000)
  eden space 64512K, 0% used [0x00000000eab00000,0x00000000eab00000,0x00000000eea00000)
  from space 15872K, 99% used [0x00000000f3880000,0x00000000f47f9d10,0x00000000f4800000)
  to   space 10752K, 0% used [0x00000000eea00000,0x00000000eea00000,0x00000000ef480000)
 ParOldGen       total 44032K, used 22253K [0x00000000c0000000, 0x00000000c2b00000, 0x00000000eab00000)
  object space 44032K, 50% used [0x00000000c0000000,0x00000000c15bb670,0x00000000c2b00000)
 Metaspace       used 6448K, capacity 7192K, committed 7424K, reserved 1056768K
  class space    used 625K, capacity 656K, committed 768K, reserved 1048576K
}
Event: 2.091 GC heap before
{Heap before GC invocations=9 (full 0):
 PSYoungGen      total 80384K, used 80359K [0x00000000eab00000, 0x00000000f4800000, 0x0000000100000000)
  eden space 64512K, 100% used [0x00000000eab00000,0x00000000eea00000,0x00000000eea00000)
  from space 15872K, 99% used [0x00000000f3880000,0x00000000f47f9d10,0x00000000f4800000)
  to   space 10752K, 0% used [0x00000000eea00000,0x00000000eea00000,0x00000000ef480000)
 ParOldGen       total 44032K, used 22253K [0x00000000c0000000, 0x00000000c2b00000, 0x00000000eab00000)
  object space 44032K, 50% used [0x00000000c0000000,0x00000000c15bb670,0x00000000c2b00000)
 Metaspace       used 6463K, capacity 7256K, committed 7424K, reserved 1056768K
  class space    used 625K, capacity 656K, committed 768K, reserved 1048576K
Event: 2.144 GC heap after
Heap after GC invocations=9 (full 0):
 PSYoungGen      total 75264K, used 10720K [0x00000000eab00000, 0x00000000f4100000, 0x0000000100000000)
  eden space 64512K, 0% used [0x00000000eab00000,0x00000000eab00000,0x00000000eea00000)
  from space 10752K, 99% used [0x00000000eea00000,0x00000000ef4782f0,0x00000000ef480000)
  to   space 25088K, 0% used [0x00000000f2880000,0x00000000f2880000,0x00000000f4100000)
 ParOldGen       total 44032K, used 33031K [0x00000000c0000000, 0x00000000c2b00000, 0x00000000eab00000)
  object space 44032K, 75% used [0x00000000c0000000,0x00000000c2041da8,0x00000000c2b00000)
 Metaspace       used 6463K, capacity 7256K, committed 7424K, reserved 1056768K
  class space    used 625K, capacity 656K, committed 768K, reserved 1048576K
}
Event: 2.401 GC heap before
{Heap before GC invocations=10 (full 0):
 PSYoungGen      total 75264K, used 75232K [0x00000000eab00000, 0x00000000f4100000, 0x0000000100000000)
  eden space 64512K, 100% used [0x00000000eab00000,0x00000000eea00000,0x00000000eea00000)
  from space 10752K, 99% used [0x00000000eea00000,0x00000000ef4782f0,0x00000000ef480000)
  to   space 25088K, 0% used [0x00000000f2880000,0x00000000f2880000,0x00000000f4100000)
 ParOldGen       total 44032K, used 33031K [0x00000000c0000000, 0x00000000c2b00000, 0x00000000eab00000)
  object space 44032K, 75% used [0x00000000c0000000,0x00000000c2041da8,0x00000000c2b00000)
 Metaspace       used 6504K, capacity 7256K, committed 7424K, reserved 1056768K
  class space    used 625K, capacity 656K, committed 768K, reserved 1048576K
Event: 2.437 GC heap after
Heap after GC invocations=10 (full 0):
 PSYoungGen      total 127488K, used 12736K [0x00000000eab00000, 0x00000000f4000000, 0x0000000100000000)
  eden space 103424K, 0% used [0x00000000eab00000,0x00000000eab00000,0x00000000f1000000)
  from space 24064K, 52% used [0x00000000f2880000,0x00000000f34f0000,0x00000000f4000000)
  to   space 24576K, 0% used [0x00000000f1000000,0x00000000f1000000,0x00000000f2800000)
 ParOldGen       total 44032K, used 40788K [0x00000000c0000000, 0x00000000c2b00000, 0x00000000eab00000)
  object space 44032K, 92% used [0x00000000c0000000,0x00000000c27d5138,0x00000000c2b00000)
 Metaspace       used 6504K, capacity 7256K, committed 7424K, reserved 1056768K
  class space    used 625K, capacity 656K, committed 768K, reserved 1048576K
}
Event: 2.437 GC heap before
{Heap before GC invocations=11 (full 1):
 PSYoungGen      total 127488K, used 12736K [0x00000000eab00000, 0x00000000f4000000, 0x0000000100000000)
  eden space 103424K, 0% used [0x00000000eab00000,0x00000000eab00000,0x00000000f1000000)
  from space 24064K, 52% used [0x00000000f2880000,0x00000000f34f0000,0x00000000f4000000)
  to   space 24576K, 0% used [0x00000000f1000000,0x00000000f1000000,0x00000000f2800000)
 ParOldGen       total 44032K, used 40788K [0x00000000c0000000, 0x00000000c2b00000, 0x00000000eab00000)
  object space 44032K, 92% used [0x00000000c0000000,0x00000000c27d5138,0x00000000c2b00000)
 Metaspace       used 6504K, capacity 7256K, committed 7424K, reserved 1056768K
  class space    used 625K, capacity 656K, committed 768K, reserved 1048576K
Event: 2.773 GC heap after
Heap after GC invocations=11 (full 1):
 PSYoungGen      total 127488K, used 3359K [0x00000000eab00000, 0x00000000f4000000, 0x0000000100000000)
  eden space 103424K, 0% used [0x00000000eab00000,0x00000000eab00000,0x00000000f1000000)
  from space 24064K, 13% used [0x00000000f2880000,0x00000000f2bc7d60,0x00000000f4000000)
  to   space 24576K, 0% used [0x00000000f1000000,0x00000000f1000000,0x00000000f2800000)
 ParOldGen       total 80384K, used 43605K [0x00000000c0000000, 0x00000000c4e80000, 0x00000000eab00000)
  object space 80384K, 54% used [0x00000000c0000000,0x00000000c2a95438,0x00000000c4e80000)
 Metaspace       used 6504K, capacity 7256K, committed 7424K, reserved 1056768K
  class space    used 625K, capacity 656K, committed 768K, reserved 1048576K
}

Deoptimization events (10 events):
Event: 1.797 Thread 0x00000000171f0800 Uncommon trap: reason=class_check action=maybe_recompile pc=0x00000000028ddd08 method=java.util.HashMap.putVal(ILjava/lang/Object;Ljava/lang/Object;ZZ)Ljava/lang/Object; @ 203
Event: 1.841 Thread 0x00000000171f0800 Uncommon trap: reason=unstable_if action=reinterpret pc=0x0000000002758260 method=java.util.HashMap.putVal(ILjava/lang/Object;Ljava/lang/Object;ZZ)Ljava/lang/Object; @ 162
Event: 1.864 Thread 0x0000000016e73800 Uncommon trap: reason=bimorphic action=maybe_recompile pc=0x0000000002ad3280 method=java.util.HashMap.putVal(ILjava/lang/Object;Ljava/lang/Object;ZZ)Ljava/lang/Object; @ 203
Event: 1.864 Thread 0x0000000016e73800 Uncommon trap: reason=bimorphic action=maybe_recompile pc=0x0000000002ad3280 method=java.util.HashMap.putVal(ILjava/lang/Object;Ljava/lang/Object;ZZ)Ljava/lang/Object; @ 203
Event: 1.864 Thread 0x0000000016e73800 Uncommon trap: reason=unstable_if action=reinterpret pc=0x0000000002ad2de0 method=java.util.HashMap.putVal(ILjava/lang/Object;Ljava/lang/Object;ZZ)Ljava/lang/Object; @ 162
Event: 1.864 Thread 0x0000000016e73800 Uncommon trap: reason=unstable_if action=reinterpret pc=0x00000000029ba8c4 method=java.util.HashMap.getNode(ILjava/lang/Object;)Ljava/util/HashMap$Node; @ 84
Event: 1.946 Thread 0x00000000022d0800 Uncommon trap: reason=unstable_if action=reinterpret pc=0x0000000002a51014 method=java.util.HashMap.resize()[Ljava/util/HashMap$Node; @ 206
Event: 2.016 Thread 0x00000000171f0800 Uncommon trap: reason=unstable_if action=reinterpret pc=0x0000000002adedb0 method=com.android.dx.rop.cst.CstNat.equals(Ljava/lang/Object;)Z @ 25
Event: 2.288 Thread 0x0000000017249800 Uncommon trap: reason=bimorphic action=maybe_recompile pc=0x0000000002ac2a30 method=com.android.dx.rop.code.RegisterSpec.getFrameType()Lcom/android/dx/rop/type/TypeBearer; @ 4
Event: 2.991 Thread 0x00000000171f0800 Uncommon trap: reason=unstable_if action=reinterpret pc=0x0000000002b9c55c method=com.android.dx.ssa.SCCP.simulateBranch(Lcom/android/dx/ssa/SsaInsn;)V @ 548

Internal exceptions (6 events):
Event: 0.027 Thread 0x00000000022d0800 Exception <a 'java/lang/NoSuchMethodError': Method sun.misc.Unsafe.defineClass(Ljava/lang/String;[BII)Ljava/lang/Class; name or signature does not match> (0x00000000eab0d458) thrown at [C:\re\workspace\8-2-build-windows-amd64-cygwin\jdk8u66\5298\hotspot\srìÏ
‚¤ê›?
Event: 0.027 Thread 0x00000000022d0800 Exception <a 'java/lang/NoSuchMethodError': Method sun.misc.Unsafe.prefetchRead(Ljava/lang/Object;J)V name or signature does not match> (0x00000000eab0d740) thrown at [C:\re\workspace\8-2-build-windows-amd64-cygwin\jdk8u66\5298\hotspot\src\share\vm\prims\j+Ú¦§õsí?
Event: 0.920 Thread 0x0000000017249800 Implicit null exception at 0x0000000002711cc0 to 0x0000000002713a9d
Event: 1.843 Thread 0x00000000171f0800 Exception <a 'java/lang/ArrayIndexOutOfBoundsException': 18> (0x00000000edd77c48) thrown at [C:\re\workspace\8-2-build-windows-amd64-cygwin\jdk8u66\5298\hotspot\src\share\vm\interpreter\interpreterRuntime.cpp, line 366]
Event: 1.844 Thread 0x00000000171f0800 Exception <a 'java/lang/ArrayIndexOutOfBoundsException': 145> (0x00000000edd797c8) thrown at [C:\re\workspace\8-2-build-windows-amd64-cygwin\jdk8u66\5298\hotspot\src\share\vm\interpreter\interpreterRuntime.cpp, line 366]
Event: 1.845 Thread 0x00000000171f0800 Exception <a 'java/lang/ArrayIndexOutOfBoundsException'> (0x00000000edd7aab0) thrown at [C:\re\workspace\8-2-build-windows-amd64-cygwin\jdk8u66\5298\hotspot\src\share\vm\runtime\sharedRuntime.cpp, line 605]

Events (10 events):
Event: 2.288 Thread 0x0000000017249800 Uncommon trap: trap_request=0xffffffc6 fr.pc=0x0000000002ac2a30
Event: 2.288 Thread 0x0000000017249800 DEOPT PACKING pc=0x0000000002ac2a30 sp=0x00000000186bdd50
Event: 2.288 Thread 0x0000000017249800 DEOPT UNPACKING pc=0x000000000241582a sp=0x00000000186bdbc0 mode 2
Event: 2.400 Executing VM operation: ParallelGCFailedAllocation
Event: 2.773 Executing VM operation: ParallelGCFailedAllocation done
Event: 2.915 Thread 0x00000000022d0800 DEOPT PACKING pc=0x0000000002a2aaf2 sp=0x000000000227e460
Event: 2.915 Thread 0x00000000022d0800 DEOPT UNPACKING pc=0x000000000241787f sp=0x000000000227e290 mode 0
Event: 2.991 Thread 0x00000000171f0800 Uncommon trap: trap_request=0xffffff65 fr.pc=0x0000000002b9c55c
Event: 2.991 Thread 0x00000000171f0800 DEOPT PACKING pc=0x0000000002b9c55c sp=0x00000000182be940
Event: 2.991 Thread 0x00000000171f0800 DEOPT UNPACKING pc=0x000000000241582a sp=0x00000000182be928 mode 2


Dynamic libraries:
0x00007ff7b8f80000 - 0x00007ff7b8fb7000 	C:\Program Files\Java\jdk1.8.0_66\bin\java.exe
0x00007ff878ac0000 - 0x00007ff878c81000 	C:\WINDOWS\SYSTEM32\ntdll.dll
0x00007ff8779f0000 - 0x00007ff877a9d000 	C:\WINDOWS\system32\KERNEL32.DLL
0x00007ff875bf0000 - 0x00007ff875dd8000 	C:\WINDOWS\system32\KERNELBASE.dll
0x00007ff8776c0000 - 0x00007ff877767000 	C:\WINDOWS\system32\ADVAPI32.dll
0x00007ff875ec0000 - 0x00007ff875f5d000 	C:\WINDOWS\system32\msvcrt.dll
0x00007ff8782c0000 - 0x00007ff87831b000 	C:\WINDOWS\system32\sechost.dll
0x00007ff8781a0000 - 0x00007ff8782bc000 	C:\WINDOWS\system32\RPCRT4.dll
0x00007ff878960000 - 0x00007ff878ab6000 	C:\WINDOWS\system32\USER32.dll
0x00007ff875f60000 - 0x00007ff8760e6000 	C:\WINDOWS\system32\GDI32.dll
0x00007ff86c1b0000 - 0x00007ff86c424000 	C:\WINDOWS\WinSxS\amd64_microsoft.windows.common-controls_6595b64144ccf1df_6.0.10586.0_none_8c15ae12515e1c22\COMCTL32.dll
0x00007ff877da0000 - 0x00007ff87801d000 	C:\WINDOWS\system32\combase.dll
0x00007ff875220000 - 0x00007ff87528a000 	C:\WINDOWS\system32\bcryptPrimitives.dll
0x00007ff877d60000 - 0x00007ff877d9b000 	C:\WINDOWS\system32\IMM32.DLL
0x00000000535b0000 - 0x0000000053682000 	C:\Program Files\Java\jdk1.8.0_66\jre\bin\msvcr100.dll
0x0000000053b10000 - 0x0000000054399000 	C:\Program Files\Java\jdk1.8.0_66\jre\bin\server\jvm.dll
0x00007ff8784b0000 - 0x00007ff8784b8000 	C:\WINDOWS\system32\PSAPI.DLL
0x00007ff871920000 - 0x00007ff87192a000 	C:\WINDOWS\SYSTEM32\VERSION.dll
0x00007ff873890000 - 0x00007ff8738b3000 	C:\WINDOWS\SYSTEM32\WINMM.dll
0x00007ff873740000 - 0x00007ff873749000 	C:\WINDOWS\SYSTEM32\WSOCK32.dll
0x00007ff873830000 - 0x00007ff87385c000 	C:\WINDOWS\SYSTEM32\WINMMBASE.dll
0x00007ff8760f0000 - 0x00007ff87615b000 	C:\WINDOWS\system32\WS2_32.dll
0x00007ff875de0000 - 0x00007ff875e23000 	C:\WINDOWS\system32\cfgmgr32.dll
0x0000000053a20000 - 0x0000000053a2f000 	C:\Program Files\Java\jdk1.8.0_66\jre\bin\verify.dll
0x00000000539f0000 - 0x0000000053a19000 	C:\Program Files\Java\jdk1.8.0_66\jre\bin\java.dll
0x00000000539d0000 - 0x00000000539e6000 	C:\Program Files\Java\jdk1.8.0_66\jre\bin\zip.dll
0x00007ff876160000 - 0x00007ff8776bf000 	C:\WINDOWS\system32\SHELL32.dll
0x00007ff875520000 - 0x00007ff875b64000 	C:\WINDOWS\system32\windows.storage.dll
0x00007ff8788f0000 - 0x00007ff878942000 	C:\WINDOWS\system32\shlwapi.dll
0x00007ff875160000 - 0x00007ff87516f000 	C:\WINDOWS\system32\kernel.appcore.dll
0x00007ff875460000 - 0x00007ff875515000 	C:\WINDOWS\system32\shcore.dll
0x00007ff8750e0000 - 0x00007ff87512b000 	C:\WINDOWS\system32\powrprof.dll
0x00007ff875130000 - 0x00007ff875144000 	C:\WINDOWS\system32\profapi.dll

VM Arguments:
jvm_args: -Djava.awt.headless=true -Xmx1024M -Dfile.encoding=windows-1252 -Duser.country=SG -Duser.language=en -Duser.variant 
java_command: com.android.dx.command.Main --dex --num-threads=4 --multi-dex --main-dex-list C:\Users\Jackie\AndroidStudioProjects\SGTransit\app\build\intermediates\multi-dex\debug\maindexlist.txt --output C:\Users\Jackie\AndroidStudioProjects\SGTransit\app\build\intermediates\transforms\dex\debug\folders\1000\1f\main C:\Users\Jackie\AndroidStudioProjects\SGTransit\app\build\intermediates\transforms\jarMerging\debug\jars\1\1f\combined.jar
java_class_path (initial): C:\Users\Jackie\AppData\Local\Android\sdk\build-tools\23.0.2\lib\dx.jar
Launcher Type: SUN_STANDARD

Environment Variables:
JAVA_HOME=C:\Program Files\Java\jdk1.8.0_66
PATH=C:\ProgramData\Oracle\Java\javapath;C:\WINDOWS\system32;C:\WINDOWS;C:\WINDOWS\System32\Wbem;C:\WINDOWS\System32\WindowsPowerShell\v1.0\;C:\Program Files (x86)\ATI Technologies\ATI.ACE\Core-Static;C:\Program Files (x86)\Skype\Phone\;c:\Program Files (x86)\Microsoft SQL Server\100\Tools\Binn\;c:\Program Files\Microsoft SQL Server\100\Tools\Binn\;c:\Program Files\Microsoft SQL Server\100\DTS\Binn\;C:\Program Files (x86)\AMD\ATI.ACE\Core-Static;C:\Program Files (x86)\Common Files\Acronis\VirtualFile\;C:\Program Files (x86)\Common Files\Acronis\VirtualFile64\;C:\Program Files (x86)\Common Files\Acronis\SnapAPI\
USERNAME=Jackie
OS=Windows_NT
PROCESSOR_IDENTIFIER=Intel64 Family 6 Model 42 Stepping 7, GenuineIntel



---------------  S Y S T E M  ---------------

OS: Windows 10.0 , 64 bit Build 10586 (10.0.10586.0)

CPU:total 4 (2 cores per cpu, 2 threads per core) family 6 model 42 stepping 7, cmov, cx8, fxsr, mmx, sse, sse2, sse3, ssse3, sse4.1, sse4.2, popcnt, avx, clmul, ht, tsc, tscinvbit

Memory: 4k page, physical 4173920k(267016k free), swap 5222496k(5916k free)

vm_info: Java HotSpot(TM) 64-Bit Server VM (25.66-b18) for windows-amd64 JRE (1.8.0_66-b18), built on Nov  9 2015 10:51:13 by "java_re" with MS VC++ 10.0 (VS2010)

time: Thu Jan 14 20:51:40 2016
elapsed time: 3 seconds (0d 0h 0m 3s)

